<?xml version="1.0" encoding="UTF-8"?>
<testng-results retried="2" ignored="2" total="22" passed="16" failed="2" skipped="0">
  <reporter-output>
  </reporter-output>
  <suite started-at="2026-06-13T14:20:25 IST" name="Enterprise Automation Suite" finished-at="2026-06-13T14:21:23 IST" duration-ms="58177">
    <groups>
    </groups>
    <test started-at="2026-06-13T14:20:25 IST" name="Complete DOM Coverage Test" finished-at="2026-06-13T14:21:23 IST" duration-ms="58177">
      <class name="tests.AdvancedFeaturesTest">
        <test-method is-config="true" signature="setUpClass()[pri:0, instance:tests.AdvancedFeaturesTest@2bb7bd00]" started-at="2026-06-13T14:21:04 IST" name="setUpClass" finished-at="2026-06-13T14:21:09 IST" duration-ms="4824" status="PASS">
          <reporter-output>
          </reporter-output>
        </test-method> <!-- setUpClass -->
        <test-method is-config="true" signature="cleanState()[pri:0, instance:tests.AdvancedFeaturesTest@2bb7bd00]" started-at="2026-06-13T14:21:09 IST" name="cleanState" finished-at="2026-06-13T14:21:09 IST" duration-ms="13" status="PASS">
          <reporter-output>
          </reporter-output>
        </test-method> <!-- cleanState -->
        <test-method is-config="true" signature="init()[pri:0, instance:tests.AdvancedFeaturesTest@2bb7bd00]" started-at="2026-06-13T14:21:09 IST" name="init" finished-at="2026-06-13T14:21:09 IST" duration-ms="2" status="PASS">
          <reporter-output>
          </reporter-output>
        </test-method> <!-- init -->
        <test-method signature="formSectionsTest()[pri:1, instance:tests.AdvancedFeaturesTest@2bb7bd00]" started-at="2026-06-13T14:21:09 IST" name="formSectionsTest" finished-at="2026-06-13T14:21:11 IST" duration-ms="2071" status="PASS">
          <reporter-output>
          </reporter-output>
        </test-method> <!-- formSectionsTest -->
        <test-method is-config="true" signature="cleanState()[pri:0, instance:tests.AdvancedFeaturesTest@2bb7bd00]" started-at="2026-06-13T14:21:11 IST" name="cleanState" finished-at="2026-06-13T14:21:11 IST" duration-ms="11" status="PASS">
          <reporter-output>
          </reporter-output>
        </test-method> <!-- cleanState -->
        <test-method is-config="true" signature="init()[pri:0, instance:tests.AdvancedFeaturesTest@2bb7bd00]" started-at="2026-06-13T14:21:11 IST" name="init" finished-at="2026-06-13T14:21:11 IST" duration-ms="1" status="PASS">
          <reporter-output>
          </reporter-output>
        </test-method> <!-- init -->
        <test-method signature="hoverTest()[pri:2, instance:tests.AdvancedFeaturesTest@2bb7bd00]" started-at="2026-06-13T14:21:11 IST" name="hoverTest" finished-at="2026-06-13T14:21:13 IST" duration-ms="1884" status="PASS">
          <reporter-output>
          </reporter-output>
        </test-method> <!-- hoverTest -->
        <test-method is-config="true" signature="cleanState()[pri:0, instance:tests.AdvancedFeaturesTest@2bb7bd00]" started-at="2026-06-13T14:21:13 IST" name="cleanState" finished-at="2026-06-13T14:21:13 IST" duration-ms="12" status="PASS">
          <reporter-output>
          </reporter-output>
        </test-method> <!-- cleanState -->
        <test-method is-config="true" signature="init()[pri:0, instance:tests.AdvancedFeaturesTest@2bb7bd00]" started-at="2026-06-13T14:21:13 IST" name="init" finished-at="2026-06-13T14:21:13 IST" duration-ms="1" status="PASS">
          <reporter-output>
          </reporter-output>
        </test-method> <!-- init -->
        <test-method signature="doubleClickTest()[pri:3, instance:tests.AdvancedFeaturesTest@2bb7bd00]" started-at="2026-06-13T14:21:13 IST" name="doubleClickTest" finished-at="2026-06-13T14:21:15 IST" duration-ms="2044" status="PASS">
          <reporter-output>
          </reporter-output>
        </test-method> <!-- doubleClickTest -->
        <test-method is-config="true" signature="cleanState()[pri:0, instance:tests.AdvancedFeaturesTest@2bb7bd00]" started-at="2026-06-13T14:21:15 IST" name="cleanState" finished-at="2026-06-13T14:21:15 IST" duration-ms="8" status="PASS">
          <reporter-output>
          </reporter-output>
        </test-method> <!-- cleanState -->
        <test-method is-config="true" signature="init()[pri:0, instance:tests.AdvancedFeaturesTest@2bb7bd00]" started-at="2026-06-13T14:21:15 IST" name="init" finished-at="2026-06-13T14:21:15 IST" duration-ms="2" status="PASS">
          <reporter-output>
          </reporter-output>
        </test-method> <!-- init -->
        <test-method signature="dragAndDropTest()[pri:4, instance:tests.AdvancedFeaturesTest@2bb7bd00]" started-at="2026-06-13T14:21:15 IST" name="dragAndDropTest" finished-at="2026-06-13T14:21:18 IST" duration-ms="3047" status="PASS">
          <reporter-output>
          </reporter-output>
        </test-method> <!-- dragAndDropTest -->
        <test-method is-config="true" signature="cleanState()[pri:0, instance:tests.AdvancedFeaturesTest@2bb7bd00]" started-at="2026-06-13T14:21:18 IST" name="cleanState" finished-at="2026-06-13T14:21:18 IST" duration-ms="10" status="PASS">
          <reporter-output>
          </reporter-output>
        </test-method> <!-- cleanState -->
        <test-method is-config="true" signature="init()[pri:0, instance:tests.AdvancedFeaturesTest@2bb7bd00]" started-at="2026-06-13T14:21:18 IST" name="init" finished-at="2026-06-13T14:21:18 IST" duration-ms="3" status="PASS">
          <reporter-output>
          </reporter-output>
        </test-method> <!-- init -->
        <test-method retried="true" signature="sliderTest()[pri:5, instance:tests.AdvancedFeaturesTest@2bb7bd00]" started-at="2026-06-13T14:21:18 IST" name="sliderTest" finished-at="2026-06-13T14:21:18 IST" duration-ms="25" status="SKIP">
          <exception class="org.openqa.selenium.NoSuchElementException">
            <message>
              <![CDATA[no such element: Unable to locate element: {"method":"css selector","selector":"#slider span"}
  (Session info: chrome=149.0.7827.103)
For documentation on this error, please visit: https://www.selenium.dev/documentation/webdriver/troubleshooting/errors#no-such-element-exception
Build info: version: '4.18.1', revision: 'b1d3319b48'
System info: os.name: 'Windows 11', os.arch: 'amd64', os.version: '10.0', java.version: '21.0.10'
Driver info: org.openqa.selenium.chrome.ChromeDriver
Command: [ec0bc0d467310bd4c836852f5f220242, findElement {value=#slider span, using=css selector}]
Capabilities {acceptInsecureCerts: false, browserName: chrome, browserVersion: 149.0.7827.103, chrome: {chromedriverVersion: 149.0.7827.115 (daf70f9ddee..., userDataDir: C:\Users\Gautam\AppData\Loc...}, fedcm:accounts: true, goog:chromeOptions: {debuggerAddress: localhost:60569}, goog:processID: 9520, networkConnectionEnabled: false, pageLoadStrategy: normal, platformName: windows, proxy: Proxy(), se:cdp: ws://localhost:60569/devtoo..., se:cdpVersion: 149.0.7827.103, setWindowRect: true, strictFileInteractability: false, timeouts: {implicit: 0, pageLoad: 300000, script: 30000}, unhandledPromptBehavior: dismiss and notify, webauthn:extension:credBlob: true, webauthn:extension:largeBlob: true, webauthn:extension:minPinLength: true, webauthn:extension:prf: true, webauthn:virtualAuthenticators: true}
Session ID: ec0bc0d467310bd4c836852f5f220242]]>
            </message>
            <full-stacktrace>
              <![CDATA[org.openqa.selenium.NoSuchElementException: no such element: Unable to locate element: {"method":"css selector","selector":"#slider span"}
  (Session info: chrome=149.0.7827.103)
For documentation on this error, please visit: https://www.selenium.dev/documentation/webdriver/troubleshooting/errors#no-such-element-exception
Build info: version: '4.18.1', revision: 'b1d3319b48'
System info: os.name: 'Windows 11', os.arch: 'amd64', os.version: '10.0', java.version: '21.0.10'
Driver info: org.openqa.selenium.chrome.ChromeDriver
Command: [ec0bc0d467310bd4c836852f5f220242, findElement {value=#slider span, using=css selector}]
Capabilities {acceptInsecureCerts: false, browserName: chrome, browserVersion: 149.0.7827.103, chrome: {chromedriverVersion: 149.0.7827.115 (daf70f9ddee..., userDataDir: C:\Users\Gautam\AppData\Loc...}, fedcm:accounts: true, goog:chromeOptions: {debuggerAddress: localhost:60569}, goog:processID: 9520, networkConnectionEnabled: false, pageLoadStrategy: normal, platformName: windows, proxy: Proxy(), se:cdp: ws://localhost:60569/devtoo..., se:cdpVersion: 149.0.7827.103, setWindowRect: true, strictFileInteractability: false, timeouts: {implicit: 0, pageLoad: 300000, script: 30000}, unhandledPromptBehavior: dismiss and notify, webauthn:extension:credBlob: true, webauthn:extension:largeBlob: true, webauthn:extension:minPinLength: true, webauthn:extension:prf: true, webauthn:virtualAuthenticators: true}
Session ID: ec0bc0d467310bd4c836852f5f220242
at java.base/jdk.internal.reflect.DirectConstructorHandleAccessor.newInstance(DirectConstructorHandleAccessor.java:62)
at java.base/java.lang.reflect.Constructor.newInstanceWithCaller(Constructor.java:502)
at java.base/java.lang.reflect.Constructor.newInstance(Constructor.java:486)
at org.openqa.selenium.remote.ErrorCodec.decode(ErrorCodec.java:167)
at org.openqa.selenium.remote.codec.w3c.W3CHttpResponseCodec.decode(W3CHttpResponseCodec.java:138)
at org.openqa.selenium.remote.codec.w3c.W3CHttpResponseCodec.decode(W3CHttpResponseCodec.java:50)
at org.openqa.selenium.remote.HttpCommandExecutor.execute(HttpCommandExecutor.java:190)
at org.openqa.selenium.remote.service.DriverCommandExecutor.invokeExecute(DriverCommandExecutor.java:216)
at org.openqa.selenium.remote.service.DriverCommandExecutor.execute(DriverCommandExecutor.java:174)
at org.openqa.selenium.remote.RemoteWebDriver.execute(RemoteWebDriver.java:519)
at org.openqa.selenium.remote.ElementLocation$ElementFinder$2.findElement(ElementLocation.java:165)
at org.openqa.selenium.remote.ElementLocation.findElement(ElementLocation.java:59)
at org.openqa.selenium.remote.RemoteWebDriver.findElement(RemoteWebDriver.java:356)
at org.openqa.selenium.remote.RemoteWebDriver.findElement(RemoteWebDriver.java:350)
at org.openqa.selenium.support.pagefactory.DefaultElementLocator.findElement(DefaultElementLocator.java:68)
at org.openqa.selenium.support.pagefactory.internal.LocatingElementHandler.invoke(LocatingElementHandler.java:38)
at jdk.proxy2/jdk.proxy2.$Proxy28.getWrappedElement(Unknown Source)
at org.openqa.selenium.remote.internal.WebElementToJsonConverter.apply(WebElementToJsonConverter.java:50)
at java.base/java.util.stream.ReferencePipeline$3$1.accept(ReferencePipeline.java:197)
at java.base/java.util.Spliterators$ArraySpliterator.forEachRemaining(Spliterators.java:1024)
at java.base/java.util.stream.AbstractPipeline.copyInto(AbstractPipeline.java:509)
at java.base/java.util.stream.AbstractPipeline.wrapAndCopyInto(AbstractPipeline.java:499)
at java.base/java.util.stream.ReduceOps$ReduceOp.evaluateSequential(ReduceOps.java:921)
at java.base/java.util.stream.AbstractPipeline.evaluate(AbstractPipeline.java:234)
at java.base/java.util.stream.ReferencePipeline.collect(ReferencePipeline.java:682)
at org.openqa.selenium.remote.RemoteWebDriver.executeScript(RemoteWebDriver.java:462)
at pages.PracticePage.scrollTo(PracticePage.java:75)
at pages.PracticePage.testSlider(PracticePage.java:165)
at tests.AdvancedFeaturesTest.sliderTest(AdvancedFeaturesTest.java:40)
at java.base/jdk.internal.reflect.DirectMethodHandleAccessor.invoke(DirectMethodHandleAccessor.java:103)
at java.base/java.lang.reflect.Method.invoke(Method.java:580)
at org.testng.internal.invokers.MethodInvocationHelper.invokeMethod(MethodInvocationHelper.java:139)
at org.testng.internal.invokers.TestInvoker.invokeMethod(TestInvoker.java:664)
at org.testng.internal.invokers.TestInvoker.invokeTestMethod(TestInvoker.java:228)
at org.testng.internal.invokers.MethodRunner.runInSequence(MethodRunner.java:63)
at org.testng.internal.invokers.TestInvoker$MethodInvocationAgent.invoke(TestInvoker.java:961)
at org.testng.internal.invokers.TestInvoker.invokeTestMethods(TestInvoker.java:201)
at org.testng.internal.invokers.TestMethodWorker.invokeTestMethods(TestMethodWorker.java:148)
at org.testng.internal.invokers.TestMethodWorker.run(TestMethodWorker.java:128)
at java.base/java.util.ArrayList.forEach(ArrayList.java:1596)
at org.testng.TestRunner.privateRun(TestRunner.java:819)
at org.testng.TestRunner.run(TestRunner.java:619)
at org.testng.SuiteRunner.runTest(SuiteRunner.java:443)
at org.testng.SuiteRunner.runSequentially(SuiteRunner.java:437)
at org.testng.SuiteRunner.privateRun(SuiteRunner.java:397)
at org.testng.SuiteRunner.run(SuiteRunner.java:336)
at org.testng.SuiteRunnerWorker.runSuite(SuiteRunnerWorker.java:52)
at org.testng.SuiteRunnerWorker.run(SuiteRunnerWorker.java:95)
at org.testng.TestNG.runSuitesSequentially(TestNG.java:1301)
at org.testng.TestNG.runSuitesLocally(TestNG.java:1228)
at org.testng.TestNG.runSuites(TestNG.java:1134)
at org.testng.TestNG.run(TestNG.java:1101)
at org.testng.remote.AbstractRemoteTestNG.run(AbstractRemoteTestNG.java:115)
at org.testng.remote.RemoteTestNG.initAndRun(RemoteTestNG.java:293)
at org.testng.remote.RemoteTestNG.main(RemoteTestNG.java:91)
]]>
            </full-stacktrace>
          </exception> <!-- org.openqa.selenium.NoSuchElementException -->
          <reporter-output>
          </reporter-output>
        </test-method> <!-- sliderTest -->
        <test-method is-config="true" signature="cleanState()[pri:0, instance:tests.AdvancedFeaturesTest@2bb7bd00]" started-at="2026-06-13T14:21:18 IST" name="cleanState" finished-at="2026-06-13T14:21:18 IST" duration-ms="9" status="PASS">
          <reporter-output>
          </reporter-output>
        </test-method> <!-- cleanState -->
        <test-method is-config="true" signature="init()[pri:0, instance:tests.AdvancedFeaturesTest@2bb7bd00]" started-at="2026-06-13T14:21:18 IST" name="init" finished-at="2026-06-13T14:21:18 IST" duration-ms="2" status="PASS">
          <reporter-output>
          </reporter-output>
        </test-method> <!-- init -->
        <test-method signature="sliderTest()[pri:5, instance:tests.AdvancedFeaturesTest@2bb7bd00]" started-at="2026-06-13T14:21:18 IST" name="sliderTest" finished-at="2026-06-13T14:21:18 IST" duration-ms="13" status="FAIL">
          <exception class="org.openqa.selenium.NoSuchElementException">
            <message>
              <![CDATA[no such element: Unable to locate element: {"method":"css selector","selector":"#slider span"}
  (Session info: chrome=149.0.7827.103)
For documentation on this error, please visit: https://www.selenium.dev/documentation/webdriver/troubleshooting/errors#no-such-element-exception
Build info: version: '4.18.1', revision: 'b1d3319b48'
System info: os.name: 'Windows 11', os.arch: 'amd64', os.version: '10.0', java.version: '21.0.10'
Driver info: org.openqa.selenium.chrome.ChromeDriver
Command: [ec0bc0d467310bd4c836852f5f220242, findElement {value=#slider span, using=css selector}]
Capabilities {acceptInsecureCerts: false, browserName: chrome, browserVersion: 149.0.7827.103, chrome: {chromedriverVersion: 149.0.7827.115 (daf70f9ddee..., userDataDir: C:\Users\Gautam\AppData\Loc...}, fedcm:accounts: true, goog:chromeOptions: {debuggerAddress: localhost:60569}, goog:processID: 9520, networkConnectionEnabled: false, pageLoadStrategy: normal, platformName: windows, proxy: Proxy(), se:cdp: ws://localhost:60569/devtoo..., se:cdpVersion: 149.0.7827.103, setWindowRect: true, strictFileInteractability: false, timeouts: {implicit: 0, pageLoad: 300000, script: 30000}, unhandledPromptBehavior: dismiss and notify, webauthn:extension:credBlob: true, webauthn:extension:largeBlob: true, webauthn:extension:minPinLength: true, webauthn:extension:prf: true, webauthn:virtualAuthenticators: true}
Session ID: ec0bc0d467310bd4c836852f5f220242]]>
            </message>
            <full-stacktrace>
              <![CDATA[org.openqa.selenium.NoSuchElementException: no such element: Unable to locate element: {"method":"css selector","selector":"#slider span"}
  (Session info: chrome=149.0.7827.103)
For documentation on this error, please visit: https://www.selenium.dev/documentation/webdriver/troubleshooting/errors#no-such-element-exception
Build info: version: '4.18.1', revision: 'b1d3319b48'
System info: os.name: 'Windows 11', os.arch: 'amd64', os.version: '10.0', java.version: '21.0.10'
Driver info: org.openqa.selenium.chrome.ChromeDriver
Command: [ec0bc0d467310bd4c836852f5f220242, findElement {value=#slider span, using=css selector}]
Capabilities {acceptInsecureCerts: false, browserName: chrome, browserVersion: 149.0.7827.103, chrome: {chromedriverVersion: 149.0.7827.115 (daf70f9ddee..., userDataDir: C:\Users\Gautam\AppData\Loc...}, fedcm:accounts: true, goog:chromeOptions: {debuggerAddress: localhost:60569}, goog:processID: 9520, networkConnectionEnabled: false, pageLoadStrategy: normal, platformName: windows, proxy: Proxy(), se:cdp: ws://localhost:60569/devtoo..., se:cdpVersion: 149.0.7827.103, setWindowRect: true, strictFileInteractability: false, timeouts: {implicit: 0, pageLoad: 300000, script: 30000}, unhandledPromptBehavior: dismiss and notify, webauthn:extension:credBlob: true, webauthn:extension:largeBlob: true, webauthn:extension:minPinLength: true, webauthn:extension:prf: true, webauthn:virtualAuthenticators: true}
Session ID: ec0bc0d467310bd4c836852f5f220242
at java.base/jdk.internal.reflect.DirectConstructorHandleAccessor.newInstance(DirectConstructorHandleAccessor.java:62)
at java.base/java.lang.reflect.Constructor.newInstanceWithCaller(Constructor.java:502)
at java.base/java.lang.reflect.Constructor.newInstance(Constructor.java:486)
at org.openqa.selenium.remote.ErrorCodec.decode(ErrorCodec.java:167)
at org.openqa.selenium.remote.codec.w3c.W3CHttpResponseCodec.decode(W3CHttpResponseCodec.java:138)
at org.openqa.selenium.remote.codec.w3c.W3CHttpResponseCodec.decode(W3CHttpResponseCodec.java:50)
at org.openqa.selenium.remote.HttpCommandExecutor.execute(HttpCommandExecutor.java:190)
at org.openqa.selenium.remote.service.DriverCommandExecutor.invokeExecute(DriverCommandExecutor.java:216)
at org.openqa.selenium.remote.service.DriverCommandExecutor.execute(DriverCommandExecutor.java:174)
at org.openqa.selenium.remote.RemoteWebDriver.execute(RemoteWebDriver.java:519)
at org.openqa.selenium.remote.ElementLocation$ElementFinder$2.findElement(ElementLocation.java:165)
at org.openqa.selenium.remote.ElementLocation.findElement(ElementLocation.java:59)
at org.openqa.selenium.remote.RemoteWebDriver.findElement(RemoteWebDriver.java:356)
at org.openqa.selenium.remote.RemoteWebDriver.findElement(RemoteWebDriver.java:350)
at org.openqa.selenium.support.pagefactory.DefaultElementLocator.findElement(DefaultElementLocator.java:68)
at org.openqa.selenium.support.pagefactory.internal.LocatingElementHandler.invoke(LocatingElementHandler.java:38)
at jdk.proxy2/jdk.proxy2.$Proxy28.getWrappedElement(Unknown Source)
at org.openqa.selenium.remote.internal.WebElementToJsonConverter.apply(WebElementToJsonConverter.java:50)
at java.base/java.util.stream.ReferencePipeline$3$1.accept(ReferencePipeline.java:197)
at java.base/java.util.Spliterators$ArraySpliterator.forEachRemaining(Spliterators.java:1024)
at java.base/java.util.stream.AbstractPipeline.copyInto(AbstractPipeline.java:509)
at java.base/java.util.stream.AbstractPipeline.wrapAndCopyInto(AbstractPipeline.java:499)
at java.base/java.util.stream.ReduceOps$ReduceOp.evaluateSequential(ReduceOps.java:921)
at java.base/java.util.stream.AbstractPipeline.evaluate(AbstractPipeline.java:234)
at java.base/java.util.stream.ReferencePipeline.collect(ReferencePipeline.java:682)
at org.openqa.selenium.remote.RemoteWebDriver.executeScript(RemoteWebDriver.java:462)
at pages.PracticePage.scrollTo(PracticePage.java:75)
at pages.PracticePage.testSlider(PracticePage.java:165)
at tests.AdvancedFeaturesTest.sliderTest(AdvancedFeaturesTest.java:40)
at java.base/jdk.internal.reflect.DirectMethodHandleAccessor.invoke(DirectMethodHandleAccessor.java:103)
at java.base/java.lang.reflect.Method.invoke(Method.java:580)
at org.testng.internal.invokers.MethodInvocationHelper.invokeMethod(MethodInvocationHelper.java:139)
at org.testng.internal.invokers.TestInvoker.invokeMethod(TestInvoker.java:664)
at org.testng.internal.invokers.TestInvoker.retryFailed(TestInvoker.java:249)
at org.testng.internal.invokers.MethodRunner.runInSequence(MethodRunner.java:76)
at org.testng.internal.invokers.TestInvoker$MethodInvocationAgent.invoke(TestInvoker.java:961)
at org.testng.internal.invokers.TestInvoker.invokeTestMethods(TestInvoker.java:201)
at org.testng.internal.invokers.TestMethodWorker.invokeTestMethods(TestMethodWorker.java:148)
at org.testng.internal.invokers.TestMethodWorker.run(TestMethodWorker.java:128)
at java.base/java.util.ArrayList.forEach(ArrayList.java:1596)
at org.testng.TestRunner.privateRun(TestRunner.java:819)
at org.testng.TestRunner.run(TestRunner.java:619)
at org.testng.SuiteRunner.runTest(SuiteRunner.java:443)
at org.testng.SuiteRunner.runSequentially(SuiteRunner.java:437)
at org.testng.SuiteRunner.privateRun(SuiteRunner.java:397)
at org.testng.SuiteRunner.run(SuiteRunner.java:336)
at org.testng.SuiteRunnerWorker.runSuite(SuiteRunnerWorker.java:52)
at org.testng.SuiteRunnerWorker.run(SuiteRunnerWorker.java:95)
at org.testng.TestNG.runSuitesSequentially(TestNG.java:1301)
at org.testng.TestNG.runSuitesLocally(TestNG.java:1228)
at org.testng.TestNG.runSuites(TestNG.java:1134)
at org.testng.TestNG.run(TestNG.java:1101)
at org.testng.remote.AbstractRemoteTestNG.run(AbstractRemoteTestNG.java:115)
at org.testng.remote.RemoteTestNG.initAndRun(RemoteTestNG.java:293)
at org.testng.remote.RemoteTestNG.main(RemoteTestNG.java:91)
]]>
            </full-stacktrace>
          </exception> <!-- org.openqa.selenium.NoSuchElementException -->
          <reporter-output>
          </reporter-output>
        </test-method> <!-- sliderTest -->
        <test-method is-config="true" signature="cleanState()[pri:0, instance:tests.AdvancedFeaturesTest@2bb7bd00]" started-at="2026-06-13T14:21:18 IST" name="cleanState" finished-at="2026-06-13T14:21:18 IST" duration-ms="7" status="PASS">
          <reporter-output>
          </reporter-output>
        </test-method> <!-- cleanState -->
        <test-method is-config="true" signature="init()[pri:0, instance:tests.AdvancedFeaturesTest@2bb7bd00]" started-at="2026-06-13T14:21:18 IST" name="init" finished-at="2026-06-13T14:21:18 IST" duration-ms="2" status="PASS">
          <reporter-output>
          </reporter-output>
        </test-method> <!-- init -->
        <test-method retried="true" signature="svgTest()[pri:6, instance:tests.AdvancedFeaturesTest@2bb7bd00]" started-at="2026-06-13T14:21:18 IST" name="svgTest" finished-at="2026-06-13T14:21:19 IST" duration-ms="549" status="SKIP">
          <exception class="org.openqa.selenium.JavascriptException">
            <message>
              <![CDATA[javascript error: arguments[0].click is not a function
  (Session info: chrome=149.0.7827.103)
Build info: version: '4.18.1', revision: 'b1d3319b48'
System info: os.name: 'Windows 11', os.arch: 'amd64', os.version: '10.0', java.version: '21.0.10'
Driver info: org.openqa.selenium.chrome.ChromeDriver
Command: [ec0bc0d467310bd4c836852f5f220242, executeScript {args=[{element-6066-11e4-a52e-4f735466cecf=f.EA49D48BC71C09870FCC873F61CE9586.d.9C813E509BF381DA4A17D64510649AEA.e.719}], script=arguments[0].click();}]
Capabilities {acceptInsecureCerts: false, browserName: chrome, browserVersion: 149.0.7827.103, chrome: {chromedriverVersion: 149.0.7827.115 (daf70f9ddee..., userDataDir: C:\Users\Gautam\AppData\Loc...}, fedcm:accounts: true, goog:chromeOptions: {debuggerAddress: localhost:60569}, goog:processID: 9520, networkConnectionEnabled: false, pageLoadStrategy: normal, platformName: windows, proxy: Proxy(), se:cdp: ws://localhost:60569/devtoo..., se:cdpVersion: 149.0.7827.103, setWindowRect: true, strictFileInteractability: false, timeouts: {implicit: 0, pageLoad: 300000, script: 30000}, unhandledPromptBehavior: dismiss and notify, webauthn:extension:credBlob: true, webauthn:extension:largeBlob: true, webauthn:extension:minPinLength: true, webauthn:extension:prf: true, webauthn:virtualAuthenticators: true}
Session ID: ec0bc0d467310bd4c836852f5f220242]]>
            </message>
            <full-stacktrace>
              <![CDATA[org.openqa.selenium.JavascriptException: javascript error: arguments[0].click is not a function
  (Session info: chrome=149.0.7827.103)
Build info: version: '4.18.1', revision: 'b1d3319b48'
System info: os.name: 'Windows 11', os.arch: 'amd64', os.version: '10.0', java.version: '21.0.10'
Driver info: org.openqa.selenium.chrome.ChromeDriver
Command: [ec0bc0d467310bd4c836852f5f220242, executeScript {args=[{element-6066-11e4-a52e-4f735466cecf=f.EA49D48BC71C09870FCC873F61CE9586.d.9C813E509BF381DA4A17D64510649AEA.e.719}], script=arguments[0].click();}]
Capabilities {acceptInsecureCerts: false, browserName: chrome, browserVersion: 149.0.7827.103, chrome: {chromedriverVersion: 149.0.7827.115 (daf70f9ddee..., userDataDir: C:\Users\Gautam\AppData\Loc...}, fedcm:accounts: true, goog:chromeOptions: {debuggerAddress: localhost:60569}, goog:processID: 9520, networkConnectionEnabled: false, pageLoadStrategy: normal, platformName: windows, proxy: Proxy(), se:cdp: ws://localhost:60569/devtoo..., se:cdpVersion: 149.0.7827.103, setWindowRect: true, strictFileInteractability: false, timeouts: {implicit: 0, pageLoad: 300000, script: 30000}, unhandledPromptBehavior: dismiss and notify, webauthn:extension:credBlob: true, webauthn:extension:largeBlob: true, webauthn:extension:minPinLength: true, webauthn:extension:prf: true, webauthn:virtualAuthenticators: true}
Session ID: ec0bc0d467310bd4c836852f5f220242
at java.base/jdk.internal.reflect.DirectConstructorHandleAccessor.newInstance(DirectConstructorHandleAccessor.java:62)
at java.base/java.lang.reflect.Constructor.newInstanceWithCaller(Constructor.java:502)
at java.base/java.lang.reflect.Constructor.newInstance(Constructor.java:486)
at org.openqa.selenium.remote.ErrorCodec.decode(ErrorCodec.java:167)
at org.openqa.selenium.remote.codec.w3c.W3CHttpResponseCodec.decode(W3CHttpResponseCodec.java:138)
at org.openqa.selenium.remote.codec.w3c.W3CHttpResponseCodec.decode(W3CHttpResponseCodec.java:50)
at org.openqa.selenium.remote.HttpCommandExecutor.execute(HttpCommandExecutor.java:190)
at org.openqa.selenium.remote.service.DriverCommandExecutor.invokeExecute(DriverCommandExecutor.java:216)
at org.openqa.selenium.remote.service.DriverCommandExecutor.execute(DriverCommandExecutor.java:174)
at org.openqa.selenium.remote.RemoteWebDriver.execute(RemoteWebDriver.java:519)
at org.openqa.selenium.remote.RemoteWebDriver.executeScript(RemoteWebDriver.java:464)
at pages.PracticePage.testSVGs(PracticePage.java:174)
at tests.AdvancedFeaturesTest.svgTest(AdvancedFeaturesTest.java:45)
at java.base/jdk.internal.reflect.DirectMethodHandleAccessor.invoke(DirectMethodHandleAccessor.java:103)
at java.base/java.lang.reflect.Method.invoke(Method.java:580)
at org.testng.internal.invokers.MethodInvocationHelper.invokeMethod(MethodInvocationHelper.java:139)
at org.testng.internal.invokers.TestInvoker.invokeMethod(TestInvoker.java:664)
at org.testng.internal.invokers.TestInvoker.invokeTestMethod(TestInvoker.java:228)
at org.testng.internal.invokers.MethodRunner.runInSequence(MethodRunner.java:63)
at org.testng.internal.invokers.TestInvoker$MethodInvocationAgent.invoke(TestInvoker.java:961)
at org.testng.internal.invokers.TestInvoker.invokeTestMethods(TestInvoker.java:201)
at org.testng.internal.invokers.TestMethodWorker.invokeTestMethods(TestMethodWorker.java:148)
at org.testng.internal.invokers.TestMethodWorker.run(TestMethodWorker.java:128)
at java.base/java.util.ArrayList.forEach(ArrayList.java:1596)
at org.testng.TestRunner.privateRun(TestRunner.java:819)
at org.testng.TestRunner.run(TestRunner.java:619)
at org.testng.SuiteRunner.runTest(SuiteRunner.java:443)
at org.testng.SuiteRunner.runSequentially(SuiteRunner.java:437)
at org.testng.SuiteRunner.privateRun(SuiteRunner.java:397)
at org.testng.SuiteRunner.run(SuiteRunner.java:336)
at org.testng.SuiteRunnerWorker.runSuite(SuiteRunnerWorker.java:52)
at org.testng.SuiteRunnerWorker.run(SuiteRunnerWorker.java:95)
at org.testng.TestNG.runSuitesSequentially(TestNG.java:1301)
at org.testng.TestNG.runSuitesLocally(TestNG.java:1228)
at org.testng.TestNG.runSuites(TestNG.java:1134)
at org.testng.TestNG.run(TestNG.java:1101)
at org.testng.remote.AbstractRemoteTestNG.run(AbstractRemoteTestNG.java:115)
at org.testng.remote.RemoteTestNG.initAndRun(RemoteTestNG.java:293)
at org.testng.remote.RemoteTestNG.main(RemoteTestNG.java:91)
]]>
            </full-stacktrace>
          </exception> <!-- org.openqa.selenium.JavascriptException -->
          <reporter-output>
          </reporter-output>
        </test-method> <!-- svgTest -->
        <test-method is-config="true" signature="cleanState()[pri:0, instance:tests.AdvancedFeaturesTest@2bb7bd00]" started-at="2026-06-13T14:21:19 IST" name="cleanState" finished-at="2026-06-13T14:21:19 IST" duration-ms="8" status="PASS">
          <reporter-output>
          </reporter-output>
        </test-method> <!-- cleanState -->
        <test-method is-config="true" signature="init()[pri:0, instance:tests.AdvancedFeaturesTest@2bb7bd00]" started-at="2026-06-13T14:21:19 IST" name="init" finished-at="2026-06-13T14:21:19 IST" duration-ms="1" status="PASS">
          <reporter-output>
          </reporter-output>
        </test-method> <!-- init -->
        <test-method signature="svgTest()[pri:6, instance:tests.AdvancedFeaturesTest@2bb7bd00]" started-at="2026-06-13T14:21:19 IST" name="svgTest" finished-at="2026-06-13T14:21:19 IST" duration-ms="563" status="FAIL">
          <exception class="org.openqa.selenium.JavascriptException">
            <message>
              <![CDATA[javascript error: arguments[0].click is not a function
  (Session info: chrome=149.0.7827.103)
Build info: version: '4.18.1', revision: 'b1d3319b48'
System info: os.name: 'Windows 11', os.arch: 'amd64', os.version: '10.0', java.version: '21.0.10'
Driver info: org.openqa.selenium.chrome.ChromeDriver
Command: [ec0bc0d467310bd4c836852f5f220242, executeScript {args=[{element-6066-11e4-a52e-4f735466cecf=f.EA49D48BC71C09870FCC873F61CE9586.d.9C813E509BF381DA4A17D64510649AEA.e.719}], script=arguments[0].click();}]
Capabilities {acceptInsecureCerts: false, browserName: chrome, browserVersion: 149.0.7827.103, chrome: {chromedriverVersion: 149.0.7827.115 (daf70f9ddee..., userDataDir: C:\Users\Gautam\AppData\Loc...}, fedcm:accounts: true, goog:chromeOptions: {debuggerAddress: localhost:60569}, goog:processID: 9520, networkConnectionEnabled: false, pageLoadStrategy: normal, platformName: windows, proxy: Proxy(), se:cdp: ws://localhost:60569/devtoo..., se:cdpVersion: 149.0.7827.103, setWindowRect: true, strictFileInteractability: false, timeouts: {implicit: 0, pageLoad: 300000, script: 30000}, unhandledPromptBehavior: dismiss and notify, webauthn:extension:credBlob: true, webauthn:extension:largeBlob: true, webauthn:extension:minPinLength: true, webauthn:extension:prf: true, webauthn:virtualAuthenticators: true}
Session ID: ec0bc0d467310bd4c836852f5f220242]]>
            </message>
            <full-stacktrace>
              <![CDATA[org.openqa.selenium.JavascriptException: javascript error: arguments[0].click is not a function
  (Session info: chrome=149.0.7827.103)
Build info: version: '4.18.1', revision: 'b1d3319b48'
System info: os.name: 'Windows 11', os.arch: 'amd64', os.version: '10.0', java.version: '21.0.10'
Driver info: org.openqa.selenium.chrome.ChromeDriver
Command: [ec0bc0d467310bd4c836852f5f220242, executeScript {args=[{element-6066-11e4-a52e-4f735466cecf=f.EA49D48BC71C09870FCC873F61CE9586.d.9C813E509BF381DA4A17D64510649AEA.e.719}], script=arguments[0].click();}]
Capabilities {acceptInsecureCerts: false, browserName: chrome, browserVersion: 149.0.7827.103, chrome: {chromedriverVersion: 149.0.7827.115 (daf70f9ddee..., userDataDir: C:\Users\Gautam\AppData\Loc...}, fedcm:accounts: true, goog:chromeOptions: {debuggerAddress: localhost:60569}, goog:processID: 9520, networkConnectionEnabled: false, pageLoadStrategy: normal, platformName: windows, proxy: Proxy(), se:cdp: ws://localhost:60569/devtoo..., se:cdpVersion: 149.0.7827.103, setWindowRect: true, strictFileInteractability: false, timeouts: {implicit: 0, pageLoad: 300000, script: 30000}, unhandledPromptBehavior: dismiss and notify, webauthn:extension:credBlob: true, webauthn:extension:largeBlob: true, webauthn:extension:minPinLength: true, webauthn:extension:prf: true, webauthn:virtualAuthenticators: true}
Session ID: ec0bc0d467310bd4c836852f5f220242
at java.base/jdk.internal.reflect.DirectConstructorHandleAccessor.newInstance(DirectConstructorHandleAccessor.java:62)
at java.base/java.lang.reflect.Constructor.newInstanceWithCaller(Constructor.java:502)
at java.base/java.lang.reflect.Constructor.newInstance(Constructor.java:486)
at org.openqa.selenium.remote.ErrorCodec.decode(ErrorCodec.java:167)
at org.openqa.selenium.remote.codec.w3c.W3CHttpResponseCodec.decode(W3CHttpResponseCodec.java:138)
at org.openqa.selenium.remote.codec.w3c.W3CHttpResponseCodec.decode(W3CHttpResponseCodec.java:50)
at org.openqa.selenium.remote.HttpCommandExecutor.execute(HttpCommandExecutor.java:190)
at org.openqa.selenium.remote.service.DriverCommandExecutor.invokeExecute(DriverCommandExecutor.java:216)
at org.openqa.selenium.remote.service.DriverCommandExecutor.execute(DriverCommandExecutor.java:174)
at org.openqa.selenium.remote.RemoteWebDriver.execute(RemoteWebDriver.java:519)
at org.openqa.selenium.remote.RemoteWebDriver.executeScript(RemoteWebDriver.java:464)
at pages.PracticePage.testSVGs(PracticePage.java:174)
at tests.AdvancedFeaturesTest.svgTest(AdvancedFeaturesTest.java:45)
at java.base/jdk.internal.reflect.DirectMethodHandleAccessor.invoke(DirectMethodHandleAccessor.java:103)
at java.base/java.lang.reflect.Method.invoke(Method.java:580)
at org.testng.internal.invokers.MethodInvocationHelper.invokeMethod(MethodInvocationHelper.java:139)
at org.testng.internal.invokers.TestInvoker.invokeMethod(TestInvoker.java:664)
at org.testng.internal.invokers.TestInvoker.retryFailed(TestInvoker.java:249)
at org.testng.internal.invokers.MethodRunner.runInSequence(MethodRunner.java:76)
at org.testng.internal.invokers.TestInvoker$MethodInvocationAgent.invoke(TestInvoker.java:961)
at org.testng.internal.invokers.TestInvoker.invokeTestMethods(TestInvoker.java:201)
at org.testng.internal.invokers.TestMethodWorker.invokeTestMethods(TestMethodWorker.java:148)
at org.testng.internal.invokers.TestMethodWorker.run(TestMethodWorker.java:128)
at java.base/java.util.ArrayList.forEach(ArrayList.java:1596)
at org.testng.TestRunner.privateRun(TestRunner.java:819)
at org.testng.TestRunner.run(TestRunner.java:619)
at org.testng.SuiteRunner.runTest(SuiteRunner.java:443)
at org.testng.SuiteRunner.runSequentially(SuiteRunner.java:437)
at org.testng.SuiteRunner.privateRun(SuiteRunner.java:397)
at org.testng.SuiteRunner.run(SuiteRunner.java:336)
at org.testng.SuiteRunnerWorker.runSuite(SuiteRunnerWorker.java:52)
at org.testng.SuiteRunnerWorker.run(SuiteRunnerWorker.java:95)
at org.testng.TestNG.runSuitesSequentially(TestNG.java:1301)
at org.testng.TestNG.runSuitesLocally(TestNG.java:1228)
at org.testng.TestNG.runSuites(TestNG.java:1134)
at org.testng.TestNG.run(TestNG.java:1101)
at org.testng.remote.AbstractRemoteTestNG.run(AbstractRemoteTestNG.java:115)
at org.testng.remote.RemoteTestNG.initAndRun(RemoteTestNG.java:293)
at org.testng.remote.RemoteTestNG.main(RemoteTestNG.java:91)
]]>
            </full-stacktrace>
          </exception> <!-- org.openqa.selenium.JavascriptException -->
          <reporter-output>
          </reporter-output>
        </test-method> <!-- svgTest -->
        <test-method is-config="true" signature="cleanState()[pri:0, instance:tests.AdvancedFeaturesTest@2bb7bd00]" started-at="2026-06-13T14:21:19 IST" name="cleanState" finished-at="2026-06-13T14:21:19 IST" duration-ms="7" status="PASS">
          <reporter-output>
          </reporter-output>
        </test-method> <!-- cleanState -->
        <test-method is-config="true" signature="init()[pri:0, instance:tests.AdvancedFeaturesTest@2bb7bd00]" started-at="2026-06-13T14:21:19 IST" name="init" finished-at="2026-06-13T14:21:19 IST" duration-ms="0" status="PASS">
          <reporter-output>
          </reporter-output>
        </test-method> <!-- init -->
        <test-method signature="shadowDOMTest()[pri:7, instance:tests.AdvancedFeaturesTest@2bb7bd00]" started-at="2026-06-13T14:21:19 IST" name="shadowDOMTest" finished-at="2026-06-13T14:21:21 IST" duration-ms="1752" status="PASS">
          <reporter-output>
          </reporter-output>
        </test-method> <!-- shadowDOMTest -->
        <test-method is-config="true" signature="cleanState()[pri:0, instance:tests.AdvancedFeaturesTest@2bb7bd00]" started-at="2026-06-13T14:21:21 IST" name="cleanState" finished-at="2026-06-13T14:21:21 IST" duration-ms="11" status="PASS">
          <reporter-output>
          </reporter-output>
        </test-method> <!-- cleanState -->
        <test-method is-config="true" signature="init()[pri:0, instance:tests.AdvancedFeaturesTest@2bb7bd00]" started-at="2026-06-13T14:21:21 IST" name="init" finished-at="2026-06-13T14:21:21 IST" duration-ms="1" status="PASS">
          <reporter-output>
          </reporter-output>
        </test-method> <!-- init -->
        <test-method signature="paginationTableTest()[pri:8, instance:tests.AdvancedFeaturesTest@2bb7bd00]" started-at="2026-06-13T14:21:21 IST" name="paginationTableTest" finished-at="2026-06-13T14:21:23 IST" duration-ms="1808" status="PASS">
          <reporter-output>
          </reporter-output>
        </test-method> <!-- paginationTableTest -->
        <test-method is-config="true" signature="tearDownClass()[pri:0, instance:tests.AdvancedFeaturesTest@2bb7bd00]" started-at="2026-06-13T14:21:23 IST" name="tearDownClass" finished-at="2026-06-13T14:21:23 IST" duration-ms="292" status="PASS">
          <reporter-output>
          </reporter-output>
        </test-method> <!-- tearDownClass -->
      </class> <!-- tests.AdvancedFeaturesTest -->
      <class name="tests.CoreFeaturesTest">
        <test-method is-config="true" signature="setUpClass()[pri:0, instance:tests.CoreFeaturesTest@2b5825fa]" started-at="2026-06-13T14:20:25 IST" name="setUpClass" finished-at="2026-06-13T14:20:31 IST" duration-ms="6009" status="PASS">
          <reporter-output>
          </reporter-output>
        </test-method> <!-- setUpClass -->
        <test-method is-config="true" signature="cleanState()[pri:0, instance:tests.CoreFeaturesTest@2b5825fa]" started-at="2026-06-13T14:20:31 IST" name="cleanState" finished-at="2026-06-13T14:20:31 IST" duration-ms="8" status="PASS">
          <reporter-output>
          </reporter-output>
        </test-method> <!-- cleanState -->
        <test-method is-config="true" signature="init()[pri:0, instance:tests.CoreFeaturesTest@2b5825fa]" started-at="2026-06-13T14:20:31 IST" name="init" finished-at="2026-06-13T14:20:31 IST" duration-ms="29" status="PASS">
          <reporter-output>
          </reporter-output>
        </test-method> <!-- init -->
        <test-method signature="formValidationTest()[pri:1, instance:tests.CoreFeaturesTest@2b5825fa]" started-at="2026-06-13T14:20:31 IST" name="formValidationTest" finished-at="2026-06-13T14:20:39 IST" duration-ms="7252" status="PASS">
          <reporter-output>
          </reporter-output>
        </test-method> <!-- formValidationTest -->
        <test-method is-config="true" signature="cleanState()[pri:0, instance:tests.CoreFeaturesTest@2b5825fa]" started-at="2026-06-13T14:20:39 IST" name="cleanState" finished-at="2026-06-13T14:20:39 IST" duration-ms="11" status="PASS">
          <reporter-output>
          </reporter-output>
        </test-method> <!-- cleanState -->
        <test-method is-config="true" signature="init()[pri:0, instance:tests.CoreFeaturesTest@2b5825fa]" started-at="2026-06-13T14:20:39 IST" name="init" finished-at="2026-06-13T14:20:39 IST" duration-ms="2" status="PASS">
          <reporter-output>
          </reporter-output>
        </test-method> <!-- init -->
        <test-method signature="radioButtonAndCheckboxTest()[pri:2, instance:tests.CoreFeaturesTest@2b5825fa]" started-at="2026-06-13T14:20:39 IST" name="radioButtonAndCheckboxTest" finished-at="2026-06-13T14:20:42 IST" duration-ms="3444" status="PASS">
          <reporter-output>
          </reporter-output>
        </test-method> <!-- radioButtonAndCheckboxTest -->
        <test-method is-config="true" signature="cleanState()[pri:0, instance:tests.CoreFeaturesTest@2b5825fa]" started-at="2026-06-13T14:20:42 IST" name="cleanState" finished-at="2026-06-13T14:20:42 IST" duration-ms="9" status="PASS">
          <reporter-output>
          </reporter-output>
        </test-method> <!-- cleanState -->
        <test-method is-config="true" signature="init()[pri:0, instance:tests.CoreFeaturesTest@2b5825fa]" started-at="2026-06-13T14:20:42 IST" name="init" finished-at="2026-06-13T14:20:42 IST" duration-ms="2" status="PASS">
          <reporter-output>
          </reporter-output>
        </test-method> <!-- init -->
        <test-method signature="dropdownsTest()[pri:3, instance:tests.CoreFeaturesTest@2b5825fa]" started-at="2026-06-13T14:20:42 IST" name="dropdownsTest" finished-at="2026-06-13T14:20:46 IST" duration-ms="3515" status="PASS">
          <reporter-output>
          </reporter-output>
        </test-method> <!-- dropdownsTest -->
        <test-method is-config="true" signature="cleanState()[pri:0, instance:tests.CoreFeaturesTest@2b5825fa]" started-at="2026-06-13T14:20:46 IST" name="cleanState" finished-at="2026-06-13T14:20:46 IST" duration-ms="11" status="PASS">
          <reporter-output>
          </reporter-output>
        </test-method> <!-- cleanState -->
        <test-method is-config="true" signature="init()[pri:0, instance:tests.CoreFeaturesTest@2b5825fa]" started-at="2026-06-13T14:20:46 IST" name="init" finished-at="2026-06-13T14:20:46 IST" duration-ms="2" status="PASS">
          <reporter-output>
          </reporter-output>
        </test-method> <!-- init -->
        <test-method signature="datePickerTest()[pri:4, instance:tests.CoreFeaturesTest@2b5825fa]" started-at="2026-06-13T14:20:46 IST" name="datePickerTest" finished-at="2026-06-13T14:20:47 IST" duration-ms="1761" status="PASS">
          <reporter-output>
          </reporter-output>
        </test-method> <!-- datePickerTest -->
        <test-method is-config="true" signature="cleanState()[pri:0, instance:tests.CoreFeaturesTest@2b5825fa]" started-at="2026-06-13T14:20:47 IST" name="cleanState" finished-at="2026-06-13T14:20:47 IST" duration-ms="10" status="PASS">
          <reporter-output>
          </reporter-output>
        </test-method> <!-- cleanState -->
        <test-method is-config="true" signature="init()[pri:0, instance:tests.CoreFeaturesTest@2b5825fa]" started-at="2026-06-13T14:20:47 IST" name="init" finished-at="2026-06-13T14:20:47 IST" duration-ms="1" status="PASS">
          <reporter-output>
          </reporter-output>
        </test-method> <!-- init -->
        <test-method signature="dateRangeTest()[pri:5, instance:tests.CoreFeaturesTest@2b5825fa]" started-at="2026-06-13T14:20:47 IST" name="dateRangeTest" finished-at="2026-06-13T14:20:52 IST" duration-ms="4657" status="PASS">
          <reporter-output>
          </reporter-output>
        </test-method> <!-- dateRangeTest -->
        <test-method is-config="true" signature="cleanState()[pri:0, instance:tests.CoreFeaturesTest@2b5825fa]" started-at="2026-06-13T14:20:52 IST" name="cleanState" finished-at="2026-06-13T14:20:52 IST" duration-ms="9" status="PASS">
          <reporter-output>
          </reporter-output>
        </test-method> <!-- cleanState -->
        <test-method is-config="true" signature="init()[pri:0, instance:tests.CoreFeaturesTest@2b5825fa]" started-at="2026-06-13T14:20:52 IST" name="init" finished-at="2026-06-13T14:20:52 IST" duration-ms="2" status="PASS">
          <reporter-output>
          </reporter-output>
        </test-method> <!-- init -->
        <test-method signature="singleFileUploadTest()[pri:6, instance:tests.CoreFeaturesTest@2b5825fa]" started-at="2026-06-13T14:20:52 IST" name="singleFileUploadTest" finished-at="2026-06-13T14:20:54 IST" duration-ms="1625" status="PASS">
          <reporter-output>
          </reporter-output>
        </test-method> <!-- singleFileUploadTest -->
        <test-method is-config="true" signature="cleanState()[pri:0, instance:tests.CoreFeaturesTest@2b5825fa]" started-at="2026-06-13T14:20:54 IST" name="cleanState" finished-at="2026-06-13T14:20:54 IST" duration-ms="8" status="PASS">
          <reporter-output>
          </reporter-output>
        </test-method> <!-- cleanState -->
        <test-method is-config="true" signature="init()[pri:0, instance:tests.CoreFeaturesTest@2b5825fa]" started-at="2026-06-13T14:20:54 IST" name="init" finished-at="2026-06-13T14:20:54 IST" duration-ms="1" status="PASS">
          <reporter-output>
          </reporter-output>
        </test-method> <!-- init -->
        <test-method signature="multipleFileUploadTest()[pri:7, instance:tests.CoreFeaturesTest@2b5825fa]" started-at="2026-06-13T14:20:54 IST" name="multipleFileUploadTest" finished-at="2026-06-13T14:20:55 IST" duration-ms="1244" status="PASS">
          <reporter-output>
          </reporter-output>
        </test-method> <!-- multipleFileUploadTest -->
        <test-method is-config="true" signature="cleanState()[pri:0, instance:tests.CoreFeaturesTest@2b5825fa]" started-at="2026-06-13T14:20:55 IST" name="cleanState" finished-at="2026-06-13T14:20:55 IST" duration-ms="12" status="PASS">
          <reporter-output>
          </reporter-output>
        </test-method> <!-- cleanState -->
        <test-method is-config="true" signature="init()[pri:0, instance:tests.CoreFeaturesTest@2b5825fa]" started-at="2026-06-13T14:20:55 IST" name="init" finished-at="2026-06-13T14:20:55 IST" duration-ms="1" status="PASS">
          <reporter-output>
          </reporter-output>
        </test-method> <!-- init -->
        <test-method signature="alertTest()[pri:8, instance:tests.CoreFeaturesTest@2b5825fa]" started-at="2026-06-13T14:20:55 IST" name="alertTest" finished-at="2026-06-13T14:20:58 IST" duration-ms="2957" status="PASS">
          <reporter-output>
          </reporter-output>
        </test-method> <!-- alertTest -->
        <test-method is-config="true" signature="cleanState()[pri:0, instance:tests.CoreFeaturesTest@2b5825fa]" started-at="2026-06-13T14:20:58 IST" name="cleanState" finished-at="2026-06-13T14:20:58 IST" duration-ms="10" status="PASS">
          <reporter-output>
          </reporter-output>
        </test-method> <!-- cleanState -->
        <test-method is-config="true" signature="init()[pri:0, instance:tests.CoreFeaturesTest@2b5825fa]" started-at="2026-06-13T14:20:58 IST" name="init" finished-at="2026-06-13T14:20:58 IST" duration-ms="3" status="PASS">
          <reporter-output>
          </reporter-output>
        </test-method> <!-- init -->
        <test-method signature="confirmAlertTest()[pri:9, instance:tests.CoreFeaturesTest@2b5825fa]" started-at="2026-06-13T14:20:58 IST" name="confirmAlertTest" finished-at="2026-06-13T14:21:01 IST" duration-ms="2903" status="PASS">
          <reporter-output>
          </reporter-output>
        </test-method> <!-- confirmAlertTest -->
        <test-method is-config="true" signature="cleanState()[pri:0, instance:tests.CoreFeaturesTest@2b5825fa]" started-at="2026-06-13T14:21:01 IST" name="cleanState" finished-at="2026-06-13T14:21:01 IST" duration-ms="11" status="PASS">
          <reporter-output>
          </reporter-output>
        </test-method> <!-- cleanState -->
        <test-method is-config="true" signature="init()[pri:0, instance:tests.CoreFeaturesTest@2b5825fa]" started-at="2026-06-13T14:21:01 IST" name="init" finished-at="2026-06-13T14:21:01 IST" duration-ms="2" status="PASS">
          <reporter-output>
          </reporter-output>
        </test-method> <!-- init -->
        <test-method signature="promptAlertTest()[pri:10, instance:tests.CoreFeaturesTest@2b5825fa]" started-at="2026-06-13T14:21:01 IST" name="promptAlertTest" finished-at="2026-06-13T14:21:04 IST" duration-ms="2909" status="PASS">
          <reporter-output>
          </reporter-output>
        </test-method> <!-- promptAlertTest -->
        <test-method is-config="true" signature="tearDownClass()[pri:0, instance:tests.CoreFeaturesTest@2b5825fa]" started-at="2026-06-13T14:21:04 IST" name="tearDownClass" finished-at="2026-06-13T14:21:04 IST" duration-ms="312" status="PASS">
          <reporter-output>
          </reporter-output>
        </test-method> <!-- tearDownClass -->
      </class> <!-- tests.CoreFeaturesTest -->
    </test> <!-- Complete DOM Coverage Test -->
  </suite> <!-- Enterprise Automation Suite -->
</testng-results>
