<?xml version="1.0" encoding="UTF-8"?>
<testng-results ignored="0" total="26" passed="26" failed="0" skipped="0">
  <reporter-output>
    <line>
      <![CDATA[✅ Typed 'Gautam Kumar' into Name Input<br>]]>
    </line>
    <line>
      <![CDATA[✅ Typed 'gk@test.com' into Email Input<br>]]>
    </line>
    <line>
      <![CDATA[✅ Typed '9800000000' into Phone Input<br>]]>
    </line>
    <line>
      <![CDATA[✅ Typed 'Tech Park, Bangalore' into Address Input<br>]]>
    </line>
    <line>
      <![CDATA[✅ Typed 'Test Data 1' into Section 1<br>]]>
    </line>
    <line>
      <![CDATA[✅ Performed Click on: Section 1 Submit<br>]]>
    </line>
    <line>
      <![CDATA[✅ Typed 'Test Data 2' into Section 2<br>]]>
    </line>
    <line>
      <![CDATA[✅ Performed Click on: Section 2 Submit<br>]]>
    </line>
    <line>
      <![CDATA[✅ Typed 'Test Data 3' into Section 3<br>]]>
    </line>
    <line>
      <![CDATA[✅ Performed Click on: Section 3 Submit<br>]]>
    </line>
    <line>
      <![CDATA[✅ Performed Click on: Male Radio Button<br>]]>
    </line>
    <line>
      <![CDATA[✅ Performed Click on: Sunday Checkbox<br>]]>
    </line>
    <line>
      <![CDATA[✅ Selected 'India' from Country Dropdown<br>]]>
    </line>
    <line>
      <![CDATA[✅ Selected 'Blue' from Colors Dropdown<br>]]>
    </line>
    <line>
      <![CDATA[✅ Selected 'Elephant' from Sorted List Dropdown<br>]]>
    </line>
    <line>
      <![CDATA[✅ Typed '12/31/2026' into Date Picker 1<br>]]>
    </line>
    <line>
      <![CDATA[✅ Entered Date into Date Picker 2 via script injection<br>]]>
    </line>
    <line>
      <![CDATA[✅ Typed '01/01/2026' into Start Date Picker<br>]]>
    </line>
    <line>
      <![CDATA[✅ Typed '12/31/2026' into End Date Picker<br>]]>
    </line>
    <line>
      <![CDATA[✅ Performed Click on: Date Range Submit<br>]]>
    </line>
    <line>
      <![CDATA[✅ Uploaded single file<br>]]>
    </line>
    <line>
      <![CDATA[✅ Uploaded multiple files<br>]]>
    </line>
    <line>
      <![CDATA[✅ Performed Click on: Simple Alert<br>]]>
    </line>
    <line>
      <![CDATA[✅ Accepted Simple Alert<br>]]>
    </line>
    <line>
      <![CDATA[✅ Performed Click on: Confirm Alert<br>]]>
    </line>
    <line>
      <![CDATA[✅ Accepted Confirm Alert<br>]]>
    </line>
    <line>
      <![CDATA[✅ Performed Click on: Prompt Alert<br>]]>
    </line>
    <line>
      <![CDATA[✅ Injected text and Accepted Prompt Alert<br>]]>
    </line>
    <line>
      <![CDATA[✅ Typed 'Selenium' into Wikipedia Search Box<br>]]>
    </line>
    <line>
      <![CDATA[✅ Performed Click on: Wikipedia Search Button<br>]]>
    </line>
    <line>
      <![CDATA[✅ Performed Click on: Dynamic START Button<br>]]>
    </line>
    <line>
      <![CDATA[✅ Performed Click on: Scrolling Dropdown Box<br>]]>
    </line>
    <line>
      <![CDATA[✅ Injected Item 8 value directly into scrolling combobox input<br>]]>
    </line>
    <line>
      <![CDATA[✅ Performed Click on: Page 4 Pagination<br>]]>
    </line>
    <line>
      <![CDATA[✅ Performed Click on: Mouse Checkbox in Table<br>]]>
    </line>
    <line>
      <![CDATA[✅ IFrame element verified safely<br>]]>
    </line>
  </reporter-output>
  <suite started-at="2026-06-15T00:43:28 IST" name="Enterprise Automation Suite" finished-at="2026-06-15T00:44:56 IST" duration-ms="88204">
    <groups>
    </groups>
    <test started-at="2026-06-15T00:43:28 IST" name="Complete DOM Coverage Test" finished-at="2026-06-15T00:44:56 IST" duration-ms="88204">
      <class name="tests.AdvancedFeaturesTest">
        <test-method is-config="true" signature="setUpClass()[pri:0, instance:tests.AdvancedFeaturesTest@18230356]" started-at="2026-06-15T00:44:29 IST" name="setUpClass" finished-at="2026-06-15T00:44:34 IST" duration-ms="4319" status="PASS">
          <reporter-output>
          </reporter-output>
        </test-method> <!-- setUpClass -->
        <test-method is-config="true" signature="cleanState()[pri:0, instance:tests.AdvancedFeaturesTest@18230356]" started-at="2026-06-15T00:44:34 IST" name="cleanState" finished-at="2026-06-15T00:44:34 IST" duration-ms="11" status="PASS">
          <reporter-output>
          </reporter-output>
        </test-method> <!-- cleanState -->
        <test-method is-config="true" signature="init()[pri:0, instance:tests.AdvancedFeaturesTest@18230356]" started-at="2026-06-15T00:44:34 IST" name="init" finished-at="2026-06-15T00:44:34 IST" duration-ms="1" status="PASS">
          <reporter-output>
          </reporter-output>
        </test-method> <!-- init -->
        <test-method signature="validateWikipediaSearch()[pri:18, instance:tests.AdvancedFeaturesTest@18230356]" started-at="2026-06-15T00:44:34 IST" name="validateWikipediaSearch" finished-at="2026-06-15T00:44:38 IST" duration-ms="3965" status="PASS">
          <reporter-output>
            <line>
              <![CDATA[✅ Typed 'Selenium' into Wikipedia Search Box<br>]]>
            </line>
            <line>
              <![CDATA[✅ Performed Click on: Wikipedia Search Button<br>]]>
            </line>
          </reporter-output>
        </test-method> <!-- validateWikipediaSearch -->
        <test-method is-config="true" signature="cleanState()[pri:0, instance:tests.AdvancedFeaturesTest@18230356]" started-at="2026-06-15T00:44:38 IST" name="cleanState" finished-at="2026-06-15T00:44:38 IST" duration-ms="8" status="PASS">
          <reporter-output>
          </reporter-output>
        </test-method> <!-- cleanState -->
        <test-method is-config="true" signature="init()[pri:0, instance:tests.AdvancedFeaturesTest@18230356]" started-at="2026-06-15T00:44:38 IST" name="init" finished-at="2026-06-15T00:44:38 IST" duration-ms="1" status="PASS">
          <reporter-output>
          </reporter-output>
        </test-method> <!-- init -->
        <test-method signature="validateDynamicButton()[pri:19, instance:tests.AdvancedFeaturesTest@18230356]" started-at="2026-06-15T00:44:38 IST" name="validateDynamicButton" finished-at="2026-06-15T00:44:40 IST" duration-ms="1910" status="PASS">
          <reporter-output>
            <line>
              <![CDATA[✅ Performed Click on: Dynamic START Button<br>]]>
            </line>
          </reporter-output>
        </test-method> <!-- validateDynamicButton -->
        <test-method is-config="true" signature="cleanState()[pri:0, instance:tests.AdvancedFeaturesTest@18230356]" started-at="2026-06-15T00:44:40 IST" name="cleanState" finished-at="2026-06-15T00:44:40 IST" duration-ms="8" status="PASS">
          <reporter-output>
          </reporter-output>
        </test-method> <!-- cleanState -->
        <test-method is-config="true" signature="init()[pri:0, instance:tests.AdvancedFeaturesTest@18230356]" started-at="2026-06-15T00:44:40 IST" name="init" finished-at="2026-06-15T00:44:40 IST" duration-ms="1" status="PASS">
          <reporter-output>
          </reporter-output>
        </test-method> <!-- init -->
        <test-method signature="validateScrollingDropdown()[pri:20, instance:tests.AdvancedFeaturesTest@18230356]" started-at="2026-06-15T00:44:40 IST" name="validateScrollingDropdown" finished-at="2026-06-15T00:44:43 IST" duration-ms="3439" status="PASS">
          <reporter-output>
            <line>
              <![CDATA[✅ Performed Click on: Scrolling Dropdown Box<br>]]>
            </line>
            <line>
              <![CDATA[✅ Injected Item 8 value directly into scrolling combobox input<br>]]>
            </line>
          </reporter-output>
        </test-method> <!-- validateScrollingDropdown -->
        <test-method is-config="true" signature="cleanState()[pri:0, instance:tests.AdvancedFeaturesTest@18230356]" started-at="2026-06-15T00:44:44 IST" name="cleanState" finished-at="2026-06-15T00:44:44 IST" duration-ms="9" status="PASS">
          <reporter-output>
          </reporter-output>
        </test-method> <!-- cleanState -->
        <test-method signature="validateDoubleClickFunctionality()[pri:21, instance:tests.AdvancedFeaturesTest@18230356]" started-at="2026-06-15T00:44:44 IST" name="validateDoubleClickFunctionality" finished-at="2026-06-15T00:44:45 IST" duration-ms="1834" status="PASS">
          <reporter-output>
          </reporter-output>
        </test-method> <!-- validateDoubleClickFunctionality -->
        <test-method is-config="true" signature="init()[pri:0, instance:tests.AdvancedFeaturesTest@18230356]" started-at="2026-06-15T00:44:44 IST" name="init" finished-at="2026-06-15T00:44:44 IST" duration-ms="0" status="PASS">
          <reporter-output>
          </reporter-output>
        </test-method> <!-- init -->
        <test-method is-config="true" signature="cleanState()[pri:0, instance:tests.AdvancedFeaturesTest@18230356]" started-at="2026-06-15T00:44:46 IST" name="cleanState" finished-at="2026-06-15T00:44:46 IST" duration-ms="10" status="PASS">
          <reporter-output>
          </reporter-output>
        </test-method> <!-- cleanState -->
        <test-method is-config="true" signature="init()[pri:0, instance:tests.AdvancedFeaturesTest@18230356]" started-at="2026-06-15T00:44:46 IST" name="init" finished-at="2026-06-15T00:44:46 IST" duration-ms="1" status="PASS">
          <reporter-output>
          </reporter-output>
        </test-method> <!-- init -->
        <test-method signature="validateDragAndDropAction()[pri:22, instance:tests.AdvancedFeaturesTest@18230356]" started-at="2026-06-15T00:44:46 IST" name="validateDragAndDropAction" finished-at="2026-06-15T00:44:47 IST" duration-ms="1857" status="PASS">
          <reporter-output>
          </reporter-output>
        </test-method> <!-- validateDragAndDropAction -->
        <test-method is-config="true" signature="cleanState()[pri:0, instance:tests.AdvancedFeaturesTest@18230356]" started-at="2026-06-15T00:44:48 IST" name="cleanState" finished-at="2026-06-15T00:44:48 IST" duration-ms="9" status="PASS">
          <reporter-output>
          </reporter-output>
        </test-method> <!-- cleanState -->
        <test-method signature="validateInteractiveSlider()[pri:23, instance:tests.AdvancedFeaturesTest@18230356]" started-at="2026-06-15T00:44:48 IST" name="validateInteractiveSlider" finished-at="2026-06-15T00:44:49 IST" duration-ms="1963" status="PASS">
          <reporter-output>
          </reporter-output>
        </test-method> <!-- validateInteractiveSlider -->
        <test-method is-config="true" signature="init()[pri:0, instance:tests.AdvancedFeaturesTest@18230356]" started-at="2026-06-15T00:44:48 IST" name="init" finished-at="2026-06-15T00:44:48 IST" duration-ms="0" status="PASS">
          <reporter-output>
          </reporter-output>
        </test-method> <!-- init -->
        <test-method is-config="true" signature="cleanState()[pri:0, instance:tests.AdvancedFeaturesTest@18230356]" started-at="2026-06-15T00:44:50 IST" name="cleanState" finished-at="2026-06-15T00:44:50 IST" duration-ms="9" status="PASS">
          <reporter-output>
          </reporter-output>
        </test-method> <!-- cleanState -->
        <test-method is-config="true" signature="init()[pri:0, instance:tests.AdvancedFeaturesTest@18230356]" started-at="2026-06-15T00:44:50 IST" name="init" finished-at="2026-06-15T00:44:50 IST" duration-ms="1" status="PASS">
          <reporter-output>
          </reporter-output>
        </test-method> <!-- init -->
        <test-method signature="validateShadowDOMInjection()[pri:24, instance:tests.AdvancedFeaturesTest@18230356]" started-at="2026-06-15T00:44:50 IST" name="validateShadowDOMInjection" finished-at="2026-06-15T00:44:51 IST" duration-ms="1643" status="PASS">
          <reporter-output>
          </reporter-output>
        </test-method> <!-- validateShadowDOMInjection -->
        <test-method is-config="true" signature="cleanState()[pri:0, instance:tests.AdvancedFeaturesTest@18230356]" started-at="2026-06-15T00:44:51 IST" name="cleanState" finished-at="2026-06-15T00:44:51 IST" duration-ms="9" status="PASS">
          <reporter-output>
          </reporter-output>
        </test-method> <!-- cleanState -->
        <test-method is-config="true" signature="init()[pri:0, instance:tests.AdvancedFeaturesTest@18230356]" started-at="2026-06-15T00:44:51 IST" name="init" finished-at="2026-06-15T00:44:51 IST" duration-ms="0" status="PASS">
          <reporter-output>
          </reporter-output>
        </test-method> <!-- init -->
        <test-method signature="validatePaginationTable()[pri:25, instance:tests.AdvancedFeaturesTest@18230356]" started-at="2026-06-15T00:44:51 IST" name="validatePaginationTable" finished-at="2026-06-15T00:44:55 IST" duration-ms="3809" status="PASS">
          <reporter-output>
            <line>
              <![CDATA[✅ Performed Click on: Page 4 Pagination<br>]]>
            </line>
            <line>
              <![CDATA[✅ Performed Click on: Mouse Checkbox in Table<br>]]>
            </line>
          </reporter-output>
        </test-method> <!-- validatePaginationTable -->
        <test-method is-config="true" signature="cleanState()[pri:0, instance:tests.AdvancedFeaturesTest@18230356]" started-at="2026-06-15T00:44:55 IST" name="cleanState" finished-at="2026-06-15T00:44:55 IST" duration-ms="10" status="PASS">
          <reporter-output>
          </reporter-output>
        </test-method> <!-- cleanState -->
        <test-method is-config="true" signature="init()[pri:0, instance:tests.AdvancedFeaturesTest@18230356]" started-at="2026-06-15T00:44:55 IST" name="init" finished-at="2026-06-15T00:44:55 IST" duration-ms="1" status="PASS">
          <reporter-output>
          </reporter-output>
        </test-method> <!-- init -->
        <test-method signature="validateIFrameInteraction()[pri:26, instance:tests.AdvancedFeaturesTest@18230356]" started-at="2026-06-15T00:44:55 IST" name="validateIFrameInteraction" finished-at="2026-06-15T00:44:55 IST" duration-ms="23" status="PASS">
          <reporter-output>
            <line>
              <![CDATA[✅ IFrame element verified safely<br>]]>
            </line>
          </reporter-output>
        </test-method> <!-- validateIFrameInteraction -->
        <test-method is-config="true" signature="tearDownClass()[pri:0, instance:tests.AdvancedFeaturesTest@18230356]" started-at="2026-06-15T00:44:56 IST" name="tearDownClass" finished-at="2026-06-15T00:44:56 IST" duration-ms="241" status="PASS">
          <reporter-output>
          </reporter-output>
        </test-method> <!-- tearDownClass -->
      </class> <!-- tests.AdvancedFeaturesTest -->
      <class name="tests.CoreFeaturesTest">
        <test-method is-config="true" signature="setUpClass()[pri:0, instance:tests.CoreFeaturesTest@788fcafb]" started-at="2026-06-15T00:43:28 IST" name="setUpClass" finished-at="2026-06-15T00:43:33 IST" duration-ms="5274" status="PASS">
          <reporter-output>
          </reporter-output>
        </test-method> <!-- setUpClass -->
        <test-method is-config="true" signature="cleanState()[pri:0, instance:tests.CoreFeaturesTest@788fcafb]" started-at="2026-06-15T00:43:33 IST" name="cleanState" finished-at="2026-06-15T00:43:33 IST" duration-ms="12" status="PASS">
          <reporter-output>
          </reporter-output>
        </test-method> <!-- cleanState -->
        <test-method is-config="true" signature="init()[pri:0, instance:tests.CoreFeaturesTest@788fcafb]" started-at="2026-06-15T00:43:33 IST" name="init" finished-at="2026-06-15T00:43:33 IST" duration-ms="35" status="PASS">
          <reporter-output>
          </reporter-output>
        </test-method> <!-- init -->
        <test-method signature="validateBasicInfoFields()[pri:1, instance:tests.CoreFeaturesTest@788fcafb]" started-at="2026-06-15T00:43:33 IST" name="validateBasicInfoFields" finished-at="2026-06-15T00:43:41 IST" duration-ms="8573" status="PASS">
          <reporter-output>
            <line>
              <![CDATA[✅ Typed 'Gautam Kumar' into Name Input<br>]]>
            </line>
            <line>
              <![CDATA[✅ Typed 'gk@test.com' into Email Input<br>]]>
            </line>
            <line>
              <![CDATA[✅ Typed '9800000000' into Phone Input<br>]]>
            </line>
            <line>
              <![CDATA[✅ Typed 'Tech Park, Bangalore' into Address Input<br>]]>
            </line>
          </reporter-output>
        </test-method> <!-- validateBasicInfoFields -->
        <test-method is-config="true" signature="cleanState()[pri:0, instance:tests.CoreFeaturesTest@788fcafb]" started-at="2026-06-15T00:43:42 IST" name="cleanState" finished-at="2026-06-15T00:43:42 IST" duration-ms="8" status="PASS">
          <reporter-output>
          </reporter-output>
        </test-method> <!-- cleanState -->
        <test-method is-config="true" signature="init()[pri:0, instance:tests.CoreFeaturesTest@788fcafb]" started-at="2026-06-15T00:43:42 IST" name="init" finished-at="2026-06-15T00:43:42 IST" duration-ms="2" status="PASS">
          <reporter-output>
          </reporter-output>
        </test-method> <!-- init -->
        <test-method signature="validateFormSection1()[pri:2, instance:tests.CoreFeaturesTest@788fcafb]" started-at="2026-06-15T00:43:42 IST" name="validateFormSection1" finished-at="2026-06-15T00:43:46 IST" duration-ms="3916" status="PASS">
          <reporter-output>
            <line>
              <![CDATA[✅ Typed 'Test Data 1' into Section 1<br>]]>
            </line>
            <line>
              <![CDATA[✅ Performed Click on: Section 1 Submit<br>]]>
            </line>
          </reporter-output>
        </test-method> <!-- validateFormSection1 -->
        <test-method is-config="true" signature="cleanState()[pri:0, instance:tests.CoreFeaturesTest@788fcafb]" started-at="2026-06-15T00:43:46 IST" name="cleanState" finished-at="2026-06-15T00:43:46 IST" duration-ms="11" status="PASS">
          <reporter-output>
          </reporter-output>
        </test-method> <!-- cleanState -->
        <test-method is-config="true" signature="init()[pri:0, instance:tests.CoreFeaturesTest@788fcafb]" started-at="2026-06-15T00:43:46 IST" name="init" finished-at="2026-06-15T00:43:46 IST" duration-ms="4" status="PASS">
          <reporter-output>
          </reporter-output>
        </test-method> <!-- init -->
        <test-method signature="validateFormSection2()[pri:3, instance:tests.CoreFeaturesTest@788fcafb]" started-at="2026-06-15T00:43:46 IST" name="validateFormSection2" finished-at="2026-06-15T00:43:50 IST" duration-ms="3935" status="PASS">
          <reporter-output>
            <line>
              <![CDATA[✅ Typed 'Test Data 2' into Section 2<br>]]>
            </line>
            <line>
              <![CDATA[✅ Performed Click on: Section 2 Submit<br>]]>
            </line>
          </reporter-output>
        </test-method> <!-- validateFormSection2 -->
        <test-method is-config="true" signature="cleanState()[pri:0, instance:tests.CoreFeaturesTest@788fcafb]" started-at="2026-06-15T00:43:50 IST" name="cleanState" finished-at="2026-06-15T00:43:50 IST" duration-ms="11" status="PASS">
          <reporter-output>
          </reporter-output>
        </test-method> <!-- cleanState -->
        <test-method is-config="true" signature="init()[pri:0, instance:tests.CoreFeaturesTest@788fcafb]" started-at="2026-06-15T00:43:50 IST" name="init" finished-at="2026-06-15T00:43:50 IST" duration-ms="2" status="PASS">
          <reporter-output>
          </reporter-output>
        </test-method> <!-- init -->
        <test-method signature="validateFormSection3()[pri:4, instance:tests.CoreFeaturesTest@788fcafb]" started-at="2026-06-15T00:43:50 IST" name="validateFormSection3" finished-at="2026-06-15T00:43:54 IST" duration-ms="3933" status="PASS">
          <reporter-output>
            <line>
              <![CDATA[✅ Typed 'Test Data 3' into Section 3<br>]]>
            </line>
            <line>
              <![CDATA[✅ Performed Click on: Section 3 Submit<br>]]>
            </line>
          </reporter-output>
        </test-method> <!-- validateFormSection3 -->
        <test-method is-config="true" signature="cleanState()[pri:0, instance:tests.CoreFeaturesTest@788fcafb]" started-at="2026-06-15T00:43:54 IST" name="cleanState" finished-at="2026-06-15T00:43:54 IST" duration-ms="10" status="PASS">
          <reporter-output>
          </reporter-output>
        </test-method> <!-- cleanState -->
        <test-method is-config="true" signature="init()[pri:0, instance:tests.CoreFeaturesTest@788fcafb]" started-at="2026-06-15T00:43:54 IST" name="init" finished-at="2026-06-15T00:43:54 IST" duration-ms="1" status="PASS">
          <reporter-output>
          </reporter-output>
        </test-method> <!-- init -->
        <test-method signature="validateMaleRadioButton()[pri:5, instance:tests.CoreFeaturesTest@788fcafb]" started-at="2026-06-15T00:43:54 IST" name="validateMaleRadioButton" finished-at="2026-06-15T00:43:56 IST" duration-ms="1937" status="PASS">
          <reporter-output>
            <line>
              <![CDATA[✅ Performed Click on: Male Radio Button<br>]]>
            </line>
          </reporter-output>
        </test-method> <!-- validateMaleRadioButton -->
        <test-method is-config="true" signature="cleanState()[pri:0, instance:tests.CoreFeaturesTest@788fcafb]" started-at="2026-06-15T00:43:56 IST" name="cleanState" finished-at="2026-06-15T00:43:56 IST" duration-ms="12" status="PASS">
          <reporter-output>
          </reporter-output>
        </test-method> <!-- cleanState -->
        <test-method is-config="true" signature="init()[pri:0, instance:tests.CoreFeaturesTest@788fcafb]" started-at="2026-06-15T00:43:56 IST" name="init" finished-at="2026-06-15T00:43:56 IST" duration-ms="2" status="PASS">
          <reporter-output>
          </reporter-output>
        </test-method> <!-- init -->
        <test-method signature="validateSundayCheckbox()[pri:6, instance:tests.CoreFeaturesTest@788fcafb]" started-at="2026-06-15T00:43:56 IST" name="validateSundayCheckbox" finished-at="2026-06-15T00:43:58 IST" duration-ms="1922" status="PASS">
          <reporter-output>
            <line>
              <![CDATA[✅ Performed Click on: Sunday Checkbox<br>]]>
            </line>
          </reporter-output>
        </test-method> <!-- validateSundayCheckbox -->
        <test-method is-config="true" signature="cleanState()[pri:0, instance:tests.CoreFeaturesTest@788fcafb]" started-at="2026-06-15T00:43:58 IST" name="cleanState" finished-at="2026-06-15T00:43:58 IST" duration-ms="11" status="PASS">
          <reporter-output>
          </reporter-output>
        </test-method> <!-- cleanState -->
        <test-method is-config="true" signature="init()[pri:0, instance:tests.CoreFeaturesTest@788fcafb]" started-at="2026-06-15T00:43:58 IST" name="init" finished-at="2026-06-15T00:43:58 IST" duration-ms="2" status="PASS">
          <reporter-output>
          </reporter-output>
        </test-method> <!-- init -->
        <test-method signature="validateCountryDropdown()[pri:7, instance:tests.CoreFeaturesTest@788fcafb]" started-at="2026-06-15T00:43:58 IST" name="validateCountryDropdown" finished-at="2026-06-15T00:44:00 IST" duration-ms="2112" status="PASS">
          <reporter-output>
            <line>
              <![CDATA[✅ Selected 'India' from Country Dropdown<br>]]>
            </line>
          </reporter-output>
        </test-method> <!-- validateCountryDropdown -->
        <test-method is-config="true" signature="cleanState()[pri:0, instance:tests.CoreFeaturesTest@788fcafb]" started-at="2026-06-15T00:44:00 IST" name="cleanState" finished-at="2026-06-15T00:44:00 IST" duration-ms="10" status="PASS">
          <reporter-output>
          </reporter-output>
        </test-method> <!-- cleanState -->
        <test-method is-config="true" signature="init()[pri:0, instance:tests.CoreFeaturesTest@788fcafb]" started-at="2026-06-15T00:44:00 IST" name="init" finished-at="2026-06-15T00:44:00 IST" duration-ms="1" status="PASS">
          <reporter-output>
          </reporter-output>
        </test-method> <!-- init -->
        <test-method signature="validateColorsDropdown()[pri:8, instance:tests.CoreFeaturesTest@788fcafb]" started-at="2026-06-15T00:44:00 IST" name="validateColorsDropdown" finished-at="2026-06-15T00:44:02 IST" duration-ms="2104" status="PASS">
          <reporter-output>
            <line>
              <![CDATA[✅ Selected 'Blue' from Colors Dropdown<br>]]>
            </line>
          </reporter-output>
        </test-method> <!-- validateColorsDropdown -->
        <test-method is-config="true" signature="cleanState()[pri:0, instance:tests.CoreFeaturesTest@788fcafb]" started-at="2026-06-15T00:44:03 IST" name="cleanState" finished-at="2026-06-15T00:44:03 IST" duration-ms="9" status="PASS">
          <reporter-output>
          </reporter-output>
        </test-method> <!-- cleanState -->
        <test-method is-config="true" signature="init()[pri:0, instance:tests.CoreFeaturesTest@788fcafb]" started-at="2026-06-15T00:44:03 IST" name="init" finished-at="2026-06-15T00:44:03 IST" duration-ms="1" status="PASS">
          <reporter-output>
          </reporter-output>
        </test-method> <!-- init -->
        <test-method signature="validateSortedListDropdown()[pri:9, instance:tests.CoreFeaturesTest@788fcafb]" started-at="2026-06-15T00:44:03 IST" name="validateSortedListDropdown" finished-at="2026-06-15T00:44:05 IST" duration-ms="2114" status="PASS">
          <reporter-output>
            <line>
              <![CDATA[✅ Selected 'Elephant' from Sorted List Dropdown<br>]]>
            </line>
          </reporter-output>
        </test-method> <!-- validateSortedListDropdown -->
        <test-method is-config="true" signature="cleanState()[pri:0, instance:tests.CoreFeaturesTest@788fcafb]" started-at="2026-06-15T00:44:05 IST" name="cleanState" finished-at="2026-06-15T00:44:05 IST" duration-ms="11" status="PASS">
          <reporter-output>
          </reporter-output>
        </test-method> <!-- cleanState -->
        <test-method is-config="true" signature="init()[pri:0, instance:tests.CoreFeaturesTest@788fcafb]" started-at="2026-06-15T00:44:05 IST" name="init" finished-at="2026-06-15T00:44:05 IST" duration-ms="1" status="PASS">
          <reporter-output>
          </reporter-output>
        </test-method> <!-- init -->
        <test-method signature="validateStandardDatePicker()[pri:10, instance:tests.CoreFeaturesTest@788fcafb]" started-at="2026-06-15T00:44:05 IST" name="validateStandardDatePicker" finished-at="2026-06-15T00:44:07 IST" duration-ms="2131" status="PASS">
          <reporter-output>
            <line>
              <![CDATA[✅ Typed '12/31/2026' into Date Picker 1<br>]]>
            </line>
          </reporter-output>
        </test-method> <!-- validateStandardDatePicker -->
        <test-method is-config="true" signature="cleanState()[pri:0, instance:tests.CoreFeaturesTest@788fcafb]" started-at="2026-06-15T00:44:07 IST" name="cleanState" finished-at="2026-06-15T00:44:07 IST" duration-ms="11" status="PASS">
          <reporter-output>
          </reporter-output>
        </test-method> <!-- cleanState -->
        <test-method is-config="true" signature="init()[pri:0, instance:tests.CoreFeaturesTest@788fcafb]" started-at="2026-06-15T00:44:07 IST" name="init" finished-at="2026-06-15T00:44:07 IST" duration-ms="1" status="PASS">
          <reporter-output>
          </reporter-output>
        </test-method> <!-- init -->
        <test-method signature="validateSecondaryDatePicker()[pri:11, instance:tests.CoreFeaturesTest@788fcafb]" started-at="2026-06-15T00:44:07 IST" name="validateSecondaryDatePicker" finished-at="2026-06-15T00:44:09 IST" duration-ms="1576" status="PASS">
          <reporter-output>
            <line>
              <![CDATA[✅ Entered Date into Date Picker 2 via script injection<br>]]>
            </line>
          </reporter-output>
        </test-method> <!-- validateSecondaryDatePicker -->
        <test-method is-config="true" signature="cleanState()[pri:0, instance:tests.CoreFeaturesTest@788fcafb]" started-at="2026-06-15T00:44:09 IST" name="cleanState" finished-at="2026-06-15T00:44:09 IST" duration-ms="8" status="PASS">
          <reporter-output>
          </reporter-output>
        </test-method> <!-- cleanState -->
        <test-method is-config="true" signature="init()[pri:0, instance:tests.CoreFeaturesTest@788fcafb]" started-at="2026-06-15T00:44:09 IST" name="init" finished-at="2026-06-15T00:44:09 IST" duration-ms="1" status="PASS">
          <reporter-output>
          </reporter-output>
        </test-method> <!-- init -->
        <test-method signature="validateDateRangePicker()[pri:12, instance:tests.CoreFeaturesTest@788fcafb]" started-at="2026-06-15T00:44:09 IST" name="validateDateRangePicker" finished-at="2026-06-15T00:44:15 IST" duration-ms="5937" status="PASS">
          <reporter-output>
            <line>
              <![CDATA[✅ Typed '01/01/2026' into Start Date Picker<br>]]>
            </line>
            <line>
              <![CDATA[✅ Typed '12/31/2026' into End Date Picker<br>]]>
            </line>
            <line>
              <![CDATA[✅ Performed Click on: Date Range Submit<br>]]>
            </line>
          </reporter-output>
        </test-method> <!-- validateDateRangePicker -->
        <test-method is-config="true" signature="cleanState()[pri:0, instance:tests.CoreFeaturesTest@788fcafb]" started-at="2026-06-15T00:44:15 IST" name="cleanState" finished-at="2026-06-15T00:44:15 IST" duration-ms="8" status="PASS">
          <reporter-output>
          </reporter-output>
        </test-method> <!-- cleanState -->
        <test-method is-config="true" signature="init()[pri:0, instance:tests.CoreFeaturesTest@788fcafb]" started-at="2026-06-15T00:44:15 IST" name="init" finished-at="2026-06-15T00:44:15 IST" duration-ms="1" status="PASS">
          <reporter-output>
          </reporter-output>
        </test-method> <!-- init -->
        <test-method signature="validateSingleFileUpload()[pri:13, instance:tests.CoreFeaturesTest@788fcafb]" started-at="2026-06-15T00:44:15 IST" name="validateSingleFileUpload" finished-at="2026-06-15T00:44:17 IST" duration-ms="1609" status="PASS">
          <reporter-output>
            <line>
              <![CDATA[✅ Uploaded single file<br>]]>
            </line>
          </reporter-output>
        </test-method> <!-- validateSingleFileUpload -->
        <test-method is-config="true" signature="cleanState()[pri:0, instance:tests.CoreFeaturesTest@788fcafb]" started-at="2026-06-15T00:44:17 IST" name="cleanState" finished-at="2026-06-15T00:44:17 IST" duration-ms="8" status="PASS">
          <reporter-output>
          </reporter-output>
        </test-method> <!-- cleanState -->
        <test-method is-config="true" signature="init()[pri:0, instance:tests.CoreFeaturesTest@788fcafb]" started-at="2026-06-15T00:44:17 IST" name="init" finished-at="2026-06-15T00:44:17 IST" duration-ms="1" status="PASS">
          <reporter-output>
          </reporter-output>
        </test-method> <!-- init -->
        <test-method signature="validateMultipleFileUpload()[pri:14, instance:tests.CoreFeaturesTest@788fcafb]" started-at="2026-06-15T00:44:17 IST" name="validateMultipleFileUpload" finished-at="2026-06-15T00:44:18 IST" duration-ms="1614" status="PASS">
          <reporter-output>
            <line>
              <![CDATA[✅ Uploaded multiple files<br>]]>
            </line>
          </reporter-output>
        </test-method> <!-- validateMultipleFileUpload -->
        <test-method is-config="true" signature="cleanState()[pri:0, instance:tests.CoreFeaturesTest@788fcafb]" started-at="2026-06-15T00:44:18 IST" name="cleanState" finished-at="2026-06-15T00:44:18 IST" duration-ms="10" status="PASS">
          <reporter-output>
          </reporter-output>
        </test-method> <!-- cleanState -->
        <test-method is-config="true" signature="init()[pri:0, instance:tests.CoreFeaturesTest@788fcafb]" started-at="2026-06-15T00:44:18 IST" name="init" finished-at="2026-06-15T00:44:18 IST" duration-ms="1" status="PASS">
          <reporter-output>
          </reporter-output>
        </test-method> <!-- init -->
        <test-method signature="validateSimpleAlert()[pri:15, instance:tests.CoreFeaturesTest@788fcafb]" started-at="2026-06-15T00:44:18 IST" name="validateSimpleAlert" finished-at="2026-06-15T00:44:22 IST" duration-ms="3443" status="PASS">
          <reporter-output>
            <line>
              <![CDATA[✅ Performed Click on: Simple Alert<br>]]>
            </line>
            <line>
              <![CDATA[✅ Accepted Simple Alert<br>]]>
            </line>
          </reporter-output>
        </test-method> <!-- validateSimpleAlert -->
        <test-method is-config="true" signature="cleanState()[pri:0, instance:tests.CoreFeaturesTest@788fcafb]" started-at="2026-06-15T00:44:22 IST" name="cleanState" finished-at="2026-06-15T00:44:22 IST" duration-ms="8" status="PASS">
          <reporter-output>
          </reporter-output>
        </test-method> <!-- cleanState -->
        <test-method is-config="true" signature="init()[pri:0, instance:tests.CoreFeaturesTest@788fcafb]" started-at="2026-06-15T00:44:22 IST" name="init" finished-at="2026-06-15T00:44:22 IST" duration-ms="1" status="PASS">
          <reporter-output>
          </reporter-output>
        </test-method> <!-- init -->
        <test-method signature="validateConfirmationAlert()[pri:16, instance:tests.CoreFeaturesTest@788fcafb]" started-at="2026-06-15T00:44:22 IST" name="validateConfirmationAlert" finished-at="2026-06-15T00:44:25 IST" duration-ms="3404" status="PASS">
          <reporter-output>
            <line>
              <![CDATA[✅ Performed Click on: Confirm Alert<br>]]>
            </line>
            <line>
              <![CDATA[✅ Accepted Confirm Alert<br>]]>
            </line>
          </reporter-output>
        </test-method> <!-- validateConfirmationAlert -->
        <test-method is-config="true" signature="cleanState()[pri:0, instance:tests.CoreFeaturesTest@788fcafb]" started-at="2026-06-15T00:44:26 IST" name="cleanState" finished-at="2026-06-15T00:44:26 IST" duration-ms="9" status="PASS">
          <reporter-output>
          </reporter-output>
        </test-method> <!-- cleanState -->
        <test-method is-config="true" signature="init()[pri:0, instance:tests.CoreFeaturesTest@788fcafb]" started-at="2026-06-15T00:44:26 IST" name="init" finished-at="2026-06-15T00:44:26 IST" duration-ms="1" status="PASS">
          <reporter-output>
          </reporter-output>
        </test-method> <!-- init -->
        <test-method signature="validatePromptAlert()[pri:17, instance:tests.CoreFeaturesTest@788fcafb]" started-at="2026-06-15T00:44:26 IST" name="validatePromptAlert" finished-at="2026-06-15T00:44:29 IST" duration-ms="3447" status="PASS">
          <reporter-output>
            <line>
              <![CDATA[✅ Performed Click on: Prompt Alert<br>]]>
            </line>
            <line>
              <![CDATA[✅ Injected text and Accepted Prompt Alert<br>]]>
            </line>
          </reporter-output>
        </test-method> <!-- validatePromptAlert -->
        <test-method is-config="true" signature="tearDownClass()[pri:0, instance:tests.CoreFeaturesTest@788fcafb]" started-at="2026-06-15T00:44:29 IST" name="tearDownClass" finished-at="2026-06-15T00:44:29 IST" duration-ms="249" status="PASS">
          <reporter-output>
          </reporter-output>
        </test-method> <!-- tearDownClass -->
      </class> <!-- tests.CoreFeaturesTest -->
    </test> <!-- Complete DOM Coverage Test -->
  </suite> <!-- Enterprise Automation Suite -->
</testng-results>
