<?xml version="1.0" encoding="UTF-8"?>
<!-- Generated by org.testng.reporters.JUnitReportReporter -->
<testsuite hostname="LAPTOP-9DS5E2D9" failures="0" tests="17" name="tests.CoreFeaturesTest" time="53.932" errors="0" timestamp="2026-06-15T00:44:56 IST" skipped="0">
  <testcase classname="tests.CoreFeaturesTest" name="validateBasicInfoFields" time="8.584">
    <system-out>
      <![CDATA[✅ Typed 'Gautam Kumar' into Name Input<br>
✅ Typed 'gk@test.com' into Email Input<br>
✅ Typed '9800000000' into Phone Input<br>
✅ Typed 'Tech Park, Bangalore' into Address Input<br>]]>
    </system-out>
  </testcase> <!-- validateBasicInfoFields -->
  <testcase classname="tests.CoreFeaturesTest" name="validateFormSection1" time="3.928">
    <system-out>
      <![CDATA[✅ Typed 'Test Data 1' into Section 1<br>
✅ Performed Click on: Section 1 Submit<br>]]>
    </system-out>
  </testcase> <!-- validateFormSection1 -->
  <testcase classname="tests.CoreFeaturesTest" name="validateFormSection2" time="3.948">
    <system-out>
      <![CDATA[✅ Typed 'Test Data 2' into Section 2<br>
✅ Performed Click on: Section 2 Submit<br>]]>
    </system-out>
  </testcase> <!-- validateFormSection2 -->
  <testcase classname="tests.CoreFeaturesTest" name="validateFormSection3" time="3.977">
    <system-out>
      <![CDATA[✅ Typed 'Test Data 3' into Section 3<br>
✅ Performed Click on: Section 3 Submit<br>]]>
    </system-out>
  </testcase> <!-- validateFormSection3 -->
  <testcase classname="tests.CoreFeaturesTest" name="validateMaleRadioButton" time="1.949">
    <system-out>
      <![CDATA[✅ Performed Click on: Male Radio Button<br>]]>
    </system-out>
  </testcase> <!-- validateMaleRadioButton -->
  <testcase classname="tests.CoreFeaturesTest" name="validateSundayCheckbox" time="1.935">
    <system-out>
      <![CDATA[✅ Performed Click on: Sunday Checkbox<br>]]>
    </system-out>
  </testcase> <!-- validateSundayCheckbox -->
  <testcase classname="tests.CoreFeaturesTest" name="validateCountryDropdown" time="2.121">
    <system-out>
      <![CDATA[✅ Selected 'India' from Country Dropdown<br>]]>
    </system-out>
  </testcase> <!-- validateCountryDropdown -->
  <testcase classname="tests.CoreFeaturesTest" name="validateColorsDropdown" time="2.118">
    <system-out>
      <![CDATA[✅ Selected 'Blue' from Colors Dropdown<br>]]>
    </system-out>
  </testcase> <!-- validateColorsDropdown -->
  <testcase classname="tests.CoreFeaturesTest" name="validateSortedListDropdown" time="2.127">
    <system-out>
      <![CDATA[✅ Selected 'Elephant' from Sorted List Dropdown<br>]]>
    </system-out>
  </testcase> <!-- validateSortedListDropdown -->
  <testcase classname="tests.CoreFeaturesTest" name="validateStandardDatePicker" time="2.143">
    <system-out>
      <![CDATA[✅ Typed '12/31/2026' into Date Picker 1<br>]]>
    </system-out>
  </testcase> <!-- validateStandardDatePicker -->
  <testcase classname="tests.CoreFeaturesTest" name="validateSecondaryDatePicker" time="1.588">
    <system-out>
      <![CDATA[✅ Entered Date into Date Picker 2 via script injection<br>]]>
    </system-out>
  </testcase> <!-- validateSecondaryDatePicker -->
  <testcase classname="tests.CoreFeaturesTest" name="validateDateRangePicker" time="5.947">
    <system-out>
      <![CDATA[✅ Typed '01/01/2026' into Start Date Picker<br>
✅ Typed '12/31/2026' into End Date Picker<br>
✅ Performed Click on: Date Range Submit<br>]]>
    </system-out>
  </testcase> <!-- validateDateRangePicker -->
  <testcase classname="tests.CoreFeaturesTest" name="validateSingleFileUpload" time="1.621">
    <system-out>
      <![CDATA[✅ Uploaded single file<br>]]>
    </system-out>
  </testcase> <!-- validateSingleFileUpload -->
  <testcase classname="tests.CoreFeaturesTest" name="validateMultipleFileUpload" time="1.623">
    <system-out>
      <![CDATA[✅ Uploaded multiple files<br>]]>
    </system-out>
  </testcase> <!-- validateMultipleFileUpload -->
  <testcase classname="tests.CoreFeaturesTest" name="validateSimpleAlert" time="3.452">
    <system-out>
      <![CDATA[✅ Performed Click on: Simple Alert<br>
✅ Accepted Simple Alert<br>]]>
    </system-out>
  </testcase> <!-- validateSimpleAlert -->
  <testcase classname="tests.CoreFeaturesTest" name="validateConfirmationAlert" time="3.415">
    <system-out>
      <![CDATA[✅ Performed Click on: Confirm Alert<br>
✅ Accepted Confirm Alert<br>]]>
    </system-out>
  </testcase> <!-- validateConfirmationAlert -->
  <testcase classname="tests.CoreFeaturesTest" name="validatePromptAlert" time="3.456">
    <system-out>
      <![CDATA[✅ Performed Click on: Prompt Alert<br>
✅ Injected text and Accepted Prompt Alert<br>]]>
    </system-out>
  </testcase> <!-- validatePromptAlert -->
  <system-out>
    <![CDATA[✅ Typed 'Gautam Kumar' into Name Input<br>
✅ Typed 'gk@test.com' into Email Input<br>
✅ Typed '9800000000' into Phone Input<br>
✅ Typed 'Tech Park, Bangalore' into Address Input<br>
✅ Typed 'Test Data 1' into Section 1<br>
✅ Performed Click on: Section 1 Submit<br>
✅ Typed 'Test Data 2' into Section 2<br>
✅ Performed Click on: Section 2 Submit<br>
✅ Typed 'Test Data 3' into Section 3<br>
✅ Performed Click on: Section 3 Submit<br>
✅ Performed Click on: Male Radio Button<br>
✅ Performed Click on: Sunday Checkbox<br>
✅ Selected 'India' from Country Dropdown<br>
✅ Selected 'Blue' from Colors Dropdown<br>
✅ Selected 'Elephant' from Sorted List Dropdown<br>
✅ Typed '12/31/2026' into Date Picker 1<br>
✅ Entered Date into Date Picker 2 via script injection<br>
✅ Typed '01/01/2026' into Start Date Picker<br>
✅ Typed '12/31/2026' into End Date Picker<br>
✅ Performed Click on: Date Range Submit<br>
✅ Uploaded single file<br>
✅ Uploaded multiple files<br>
✅ Performed Click on: Simple Alert<br>
✅ Accepted Simple Alert<br>
✅ Performed Click on: Confirm Alert<br>
✅ Accepted Confirm Alert<br>
✅ Performed Click on: Prompt Alert<br>
✅ Injected text and Accepted Prompt Alert<br>
✅ Typed 'Selenium' into Wikipedia Search Box<br>
✅ Performed Click on: Wikipedia Search Button<br>
✅ Performed Click on: Dynamic START Button<br>
✅ Performed Click on: Scrolling Dropdown Box<br>
✅ Injected Item 8 value directly into scrolling combobox input<br>
✅ Performed Click on: Page 4 Pagination<br>
✅ Performed Click on: Mouse Checkbox in Table<br>
✅ IFrame element verified safely<br>]]>
  </system-out>
</testsuite> <!-- tests.CoreFeaturesTest -->
