<?xml version="1.0" encoding="UTF-8"?>
<!-- Generated by org.testng.reporters.JUnitReportReporter -->
<testsuite hostname="LAPTOP-9DS5E2D9" failures="0" tests="9" name="tests.AdvancedFeaturesTest" time="20.532" errors="0" timestamp="2026-06-15T00:44:56 IST" skipped="0">
  <testcase classname="tests.AdvancedFeaturesTest" name="validateWikipediaSearch" time="3.975">
    <system-out>
      <![CDATA[✅ Typed 'Selenium' into Wikipedia Search Box<br>
✅ Performed Click on: Wikipedia Search Button<br>]]>
    </system-out>
  </testcase> <!-- validateWikipediaSearch -->
  <testcase classname="tests.AdvancedFeaturesTest" name="validateDynamicButton" time="1.919">
    <system-out>
      <![CDATA[✅ Performed Click on: Dynamic START Button<br>]]>
    </system-out>
  </testcase> <!-- validateDynamicButton -->
  <testcase classname="tests.AdvancedFeaturesTest" name="validateScrollingDropdown" time="3.449">
    <system-out>
      <![CDATA[✅ Performed Click on: Scrolling Dropdown Box<br>
✅ Injected Item 8 value directly into scrolling combobox input<br>]]>
    </system-out>
  </testcase> <!-- validateScrollingDropdown -->
  <testcase classname="tests.AdvancedFeaturesTest" name="validateDoubleClickFunctionality" time="1.845"/>
  <testcase classname="tests.AdvancedFeaturesTest" name="validateDragAndDropAction" time="1.868"/>
  <testcase classname="tests.AdvancedFeaturesTest" name="validateInteractiveSlider" time="1.972"/>
  <testcase classname="tests.AdvancedFeaturesTest" name="validateShadowDOMInjection" time="1.652"/>
  <testcase classname="tests.AdvancedFeaturesTest" name="validatePaginationTable" time="3.818">
    <system-out>
      <![CDATA[✅ Performed Click on: Page 4 Pagination<br>
✅ Performed Click on: Mouse Checkbox in Table<br>]]>
    </system-out>
  </testcase> <!-- validatePaginationTable -->
  <testcase classname="tests.AdvancedFeaturesTest" name="validateIFrameInteraction" time="0.034">
    <system-out>
      <![CDATA[✅ IFrame element verified safely<br>]]>
    </system-out>
  </testcase> <!-- validateIFrameInteraction -->
  <system-out>
    <![CDATA[✅ Typed 'Gautam Kumar' into Name Input<br>
✅ Typed 'gk@test.com' into Email Input<br>
✅ Typed '9800000000' into Phone Input<br>
✅ Typed 'Tech Park, Bangalore' into Address Input<br>
✅ Typed 'Test Data 1' into Section 1<br>
✅ Performed Click on: Section 1 Submit<br>
✅ Typed 'Test Data 2' into Section 2<br>
✅ Performed Click on: Section 2 Submit<br>
✅ Typed 'Test Data 3' into Section 3<br>
✅ Performed Click on: Section 3 Submit<br>
✅ Performed Click on: Male Radio Button<br>
✅ Performed Click on: Sunday Checkbox<br>
✅ Selected 'India' from Country Dropdown<br>
✅ Selected 'Blue' from Colors Dropdown<br>
✅ Selected 'Elephant' from Sorted List Dropdown<br>
✅ Typed '12/31/2026' into Date Picker 1<br>
✅ Entered Date into Date Picker 2 via script injection<br>
✅ Typed '01/01/2026' into Start Date Picker<br>
✅ Typed '12/31/2026' into End Date Picker<br>
✅ Performed Click on: Date Range Submit<br>
✅ Uploaded single file<br>
✅ Uploaded multiple files<br>
✅ Performed Click on: Simple Alert<br>
✅ Accepted Simple Alert<br>
✅ Performed Click on: Confirm Alert<br>
✅ Accepted Confirm Alert<br>
✅ Performed Click on: Prompt Alert<br>
✅ Injected text and Accepted Prompt Alert<br>
✅ Typed 'Selenium' into Wikipedia Search Box<br>
✅ Performed Click on: Wikipedia Search Button<br>
✅ Performed Click on: Dynamic START Button<br>
✅ Performed Click on: Scrolling Dropdown Box<br>
✅ Injected Item 8 value directly into scrolling combobox input<br>
✅ Performed Click on: Page 4 Pagination<br>
✅ Performed Click on: Mouse Checkbox in Table<br>
✅ IFrame element verified safely<br>]]>
  </system-out>
</testsuite> <!-- tests.AdvancedFeaturesTest -->
