<?xml version="1.0" encoding="UTF-8"?>
<!-- Generated by org.testng.reporters.JUnitReportReporter -->
<testsuite hostname="LAPTOP-9DS5E2D9" failures="0" tests="3" name="tests.RegressionTest" time="0.646" errors="0" timestamp="2026-06-13T11:55:48 IST" skipped="0">
  <testcase classname="tests.RegressionTest" name="testWebTableValidation" time="0.031"/>
  <testcase classname="tests.RegressionTest" name="testDynamicElements" time="0.053"/>
  <testcase classname="tests.RegressionTest" name="testScrolling" time="0.562"/>
</testsuite> <!-- tests.RegressionTest -->
