<?xml version="1.0" encoding="UTF-8"?>
<!-- Generated by org.testng.reporters.JUnitReportReporter -->
<testsuite hostname="LAPTOP-9DS5E2D9" failures="0" tests="8" name="tests.SmokeTest" time="17.894" errors="0" timestamp="2026-06-13T11:55:48 IST" skipped="0">
  <testcase classname="tests.SmokeTest" name="testTextFields" time="10.756"/>
  <testcase classname="tests.SmokeTest" name="testGenderRadioButton" time="0.795"/>
  <testcase classname="tests.SmokeTest" name="testDaysCheckboxes" time="1.515"/>
  <testcase classname="tests.SmokeTest" name="testCountryDropdown" time="0.769"/>
  <testcase classname="tests.SmokeTest" name="testColorsDropdown" time="0.647"/>
  <testcase classname="tests.SmokeTest" name="testSortedListDropdown" time="0.652"/>
  <testcase classname="tests.SmokeTest" name="testDatePicker" time="1.926"/>
  <testcase classname="tests.SmokeTest" name="testFileUpload" time="0.834"/>
</testsuite> <!-- tests.SmokeTest -->
