<?xml version="1.0" encoding="UTF-8"?>
<!-- Generated by org.testng.reporters.JUnitReportReporter -->
<testsuite hostname="LAPTOP-9DS5E2D9" failures="0" tests="10" name="tests.CoreFeaturesTest" time="32.411" errors="0" timestamp="2026-06-13T14:21:24 IST" skipped="0">
  <testcase classname="tests.CoreFeaturesTest" name="formValidationTest" time="7.266"/>
  <testcase classname="tests.CoreFeaturesTest" name="radioButtonAndCheckboxTest" time="3.456"/>
  <testcase classname="tests.CoreFeaturesTest" name="dropdownsTest" time="3.525"/>
  <testcase classname="tests.CoreFeaturesTest" name="datePickerTest" time="1.771"/>
  <testcase classname="tests.CoreFeaturesTest" name="dateRangeTest" time="4.671"/>
  <testcase classname="tests.CoreFeaturesTest" name="singleFileUploadTest" time="1.638"/>
  <testcase classname="tests.CoreFeaturesTest" name="multipleFileUploadTest" time="1.255"/>
  <testcase classname="tests.CoreFeaturesTest" name="alertTest" time="2.995"/>
  <testcase classname="tests.CoreFeaturesTest" name="confirmAlertTest" time="2.914"/>
  <testcase classname="tests.CoreFeaturesTest" name="promptAlertTest" time="2.920"/>
</testsuite> <!-- tests.CoreFeaturesTest -->
