<?xml version="1.0" encoding="UTF-8"?>
<!-- Generated by org.testng.reporters.JUnitXMLReporter -->
<testsuite ignored="0" hostname="LAPTOP-9DS5E2D9" failures="1" tests="19" name="Assignment Requirements - 100% Coverage" time="59.489" errors="0" timestamp="2026-06-13T11:55:48 IST">
  <testcase classname="tests.SmokeTest" name="testTextFields" time="10.742"/>
  <testcase classname="tests.SmokeTest" name="testGenderRadioButton" time="0.786"/>
  <testcase classname="tests.SmokeTest" name="testDaysCheckboxes" time="1.506"/>
  <testcase classname="tests.SmokeTest" name="testCountryDropdown" time="0.756"/>
  <testcase classname="tests.SmokeTest" name="testColorsDropdown" time="0.635"/>
  <testcase classname="tests.SmokeTest" name="testSortedListDropdown" time="0.64"/>
  <testcase classname="tests.SmokeTest" name="testDatePicker" time="1.883"/>
  <testcase classname="tests.SmokeTest" name="testFileUpload" time="0.825"/>
  <testcase classname="tests.GUIElementsTest" name="testSlider" time="0.018">
    <failure type="org.openqa.selenium.NoSuchElementException" message="no such element: Unable to locate element: {&amp;quot;method&amp;quot;:&amp;quot;css selector&amp;quot;,&amp;quot;selector&amp;quot;:&amp;quot;#slider span.ui-slider-handle&amp;quot;}
  (Session info: chrome=149.0.7827.103)
For documentation on this error, please visit: https://www.selenium.dev/documentation/webdriver/troubleshooting/errors#no-such-element-exception
Build info: version: &amp;apos;4.18.1&amp;apos;, revision: &amp;apos;b1d3319b48&amp;apos;
System info: os.name: &amp;apos;Windows 11&amp;apos;, os.arch: &amp;apos;amd64&amp;apos;, os.version: &amp;apos;10.0&amp;apos;, java.version: &amp;apos;21.0.10&amp;apos;
Driver info: org.openqa.selenium.chrome.ChromeDriver
Command: [e088f1668472e2e0f8073011226face0, findElement {value=#slider span.ui-slider-handle, using=css selector}]
Capabilities {acceptInsecureCerts: false, browserName: chrome, browserVersion: 149.0.7827.103, chrome: {chromedriverVersion: 149.0.7827.115 (daf70f9ddee..., userDataDir: C:\Users\Gautam\AppData\Loc...}, fedcm:accounts: true, goog:chromeOptions: {debuggerAddress: localhost:62253}, goog:processID: 25236, networkConnectionEnabled: false, pageLoadStrategy: normal, platformName: windows, proxy: Proxy(), se:cdp: ws://localhost:62253/devtoo..., se:cdpVersion: 149.0.7827.103, setWindowRect: true, strictFileInteractability: false, timeouts: {implicit: 0, pageLoad: 300000, script: 30000}, unhandledPromptBehavior: dismiss and notify, webauthn:extension:credBlob: true, webauthn:extension:largeBlob: true, webauthn:extension:minPinLength: true, webauthn:extension:prf: true, webauthn:virtualAuthenticators: true}
Session ID: e088f1668472e2e0f8073011226face0">
      <![CDATA[org.openqa.selenium.NoSuchElementException: no such element: Unable to locate element: {"method":"css selector","selector":"#slider span.ui-slider-handle"}
  (Session info: chrome=149.0.7827.103)
For documentation on this error, please visit: https://www.selenium.dev/documentation/webdriver/troubleshooting/errors#no-such-element-exception
Build info: version: '4.18.1', revision: 'b1d3319b48'
System info: os.name: 'Windows 11', os.arch: 'amd64', os.version: '10.0', java.version: '21.0.10'
Driver info: org.openqa.selenium.chrome.ChromeDriver
Command: [e088f1668472e2e0f8073011226face0, findElement {value=#slider span.ui-slider-handle, using=css selector}]
Capabilities {acceptInsecureCerts: false, browserName: chrome, browserVersion: 149.0.7827.103, chrome: {chromedriverVersion: 149.0.7827.115 (daf70f9ddee..., userDataDir: C:\Users\Gautam\AppData\Loc...}, fedcm:accounts: true, goog:chromeOptions: {debuggerAddress: localhost:62253}, goog:processID: 25236, networkConnectionEnabled: false, pageLoadStrategy: normal, platformName: windows, proxy: Proxy(), se:cdp: ws://localhost:62253/devtoo..., se:cdpVersion: 149.0.7827.103, setWindowRect: true, strictFileInteractability: false, timeouts: {implicit: 0, pageLoad: 300000, script: 30000}, unhandledPromptBehavior: dismiss and notify, webauthn:extension:credBlob: true, webauthn:extension:largeBlob: true, webauthn:extension:minPinLength: true, webauthn:extension:prf: true, webauthn:virtualAuthenticators: true}
Session ID: e088f1668472e2e0f8073011226face0
at org.openqa.selenium.remote.ErrorCodec.decode(ErrorCodec.java:167)
at org.openqa.selenium.remote.codec.w3c.W3CHttpResponseCodec.decode(W3CHttpResponseCodec.java:138)
at org.openqa.selenium.remote.codec.w3c.W3CHttpResponseCodec.decode(W3CHttpResponseCodec.java:50)
at org.openqa.selenium.remote.HttpCommandExecutor.execute(HttpCommandExecutor.java:190)
at org.openqa.selenium.remote.service.DriverCommandExecutor.invokeExecute(DriverCommandExecutor.java:216)
at org.openqa.selenium.remote.service.DriverCommandExecutor.execute(DriverCommandExecutor.java:174)
at org.openqa.selenium.remote.RemoteWebDriver.execute(RemoteWebDriver.java:519)
at org.openqa.selenium.remote.ElementLocation$ElementFinder$2.findElement(ElementLocation.java:165)
at org.openqa.selenium.remote.ElementLocation.findElement(ElementLocation.java:59)
at org.openqa.selenium.remote.RemoteWebDriver.findElement(RemoteWebDriver.java:356)
at org.openqa.selenium.remote.RemoteWebDriver.findElement(RemoteWebDriver.java:350)
at org.openqa.selenium.support.pagefactory.DefaultElementLocator.findElement(DefaultElementLocator.java:68)
at org.openqa.selenium.support.pagefactory.internal.LocatingElementHandler.invoke(LocatingElementHandler.java:38)
at jdk.proxy2/jdk.proxy2.$Proxy20.getAttribute(Unknown Source)
at pages.GUIElementsPage.getSliderStyleAttribute(GUIElementsPage.java:172)
at tests.GUIElementsTest.testSlider(GUIElementsTest.java:21)
at java.base/java.util.ArrayList.forEach(ArrayList.java:1596)
... Removed 28 stack frames]]>
    </failure>
  </testcase> <!-- testSlider -->
  <testcase classname="tests.GUIElementsTest" name="testSimpleAlert" time="1.319"/>
  <testcase classname="tests.GUIElementsTest" name="testConfirmationAlert" time="1.304"/>
  <testcase classname="tests.GUIElementsTest" name="testPromptAlert" time="1.325"/>
  <testcase classname="tests.GUIElementsTest" name="testMouseHover" time="0.864"/>
  <testcase classname="tests.GUIElementsTest" name="testDoubleClick" time="0.898"/>
  <testcase classname="tests.GUIElementsTest" name="testRightClick" time="0.867"/>
  <testcase classname="tests.GUIElementsTest" name="testDragAndDrop" time="1.032"/>
  <testcase classname="tests.RegressionTest" name="testWebTableValidation" time="0.018"/>
  <testcase classname="tests.RegressionTest" name="testDynamicElements" time="0.04"/>
  <testcase classname="tests.RegressionTest" name="testScrolling" time="0.55"/>
</testsuite> <!-- Assignment Requirements - 100% Coverage -->
