<?xml version="1.0" encoding="UTF-8"?>
<!-- Generated by org.testng.reporters.JUnitXMLReporter -->
<testsuite ignored="0" hostname="LAPTOP-9DS5E2D9" failures="0" tests="26" name="Complete DOM Coverage Test" time="88.204" errors="0" timestamp="2026-06-15T00:44:56 IST">
  <testcase classname="tests.CoreFeaturesTest" name="validateBasicInfoFields" time="8.573"/>
  <testcase classname="tests.CoreFeaturesTest" name="validateFormSection1" time="3.916"/>
  <testcase classname="tests.CoreFeaturesTest" name="validateFormSection2" time="3.935"/>
  <testcase classname="tests.CoreFeaturesTest" name="validateFormSection3" time="3.933"/>
  <testcase classname="tests.CoreFeaturesTest" name="validateMaleRadioButton" time="1.937"/>
  <testcase classname="tests.CoreFeaturesTest" name="validateSundayCheckbox" time="1.922"/>
  <testcase classname="tests.CoreFeaturesTest" name="validateCountryDropdown" time="2.112"/>
  <testcase classname="tests.CoreFeaturesTest" name="validateColorsDropdown" time="2.104"/>
  <testcase classname="tests.CoreFeaturesTest" name="validateSortedListDropdown" time="2.114"/>
  <testcase classname="tests.CoreFeaturesTest" name="validateStandardDatePicker" time="2.131"/>
  <testcase classname="tests.CoreFeaturesTest" name="validateSecondaryDatePicker" time="1.576"/>
  <testcase classname="tests.CoreFeaturesTest" name="validateDateRangePicker" time="5.937"/>
  <testcase classname="tests.CoreFeaturesTest" name="validateSingleFileUpload" time="1.609"/>
  <testcase classname="tests.CoreFeaturesTest" name="validateMultipleFileUpload" time="1.614"/>
  <testcase classname="tests.CoreFeaturesTest" name="validateSimpleAlert" time="3.443"/>
  <testcase classname="tests.CoreFeaturesTest" name="validateConfirmationAlert" time="3.404"/>
  <testcase classname="tests.CoreFeaturesTest" name="validatePromptAlert" time="3.447"/>
  <testcase classname="tests.AdvancedFeaturesTest" name="validateWikipediaSearch" time="3.965"/>
  <testcase classname="tests.AdvancedFeaturesTest" name="validateDynamicButton" time="1.91"/>
  <testcase classname="tests.AdvancedFeaturesTest" name="validateScrollingDropdown" time="3.439"/>
  <testcase classname="tests.AdvancedFeaturesTest" name="validateDoubleClickFunctionality" time="1.834"/>
  <testcase classname="tests.AdvancedFeaturesTest" name="validateDragAndDropAction" time="1.857"/>
  <testcase classname="tests.AdvancedFeaturesTest" name="validateInteractiveSlider" time="1.963"/>
  <testcase classname="tests.AdvancedFeaturesTest" name="validateShadowDOMInjection" time="1.643"/>
  <testcase classname="tests.AdvancedFeaturesTest" name="validatePaginationTable" time="3.809"/>
  <testcase classname="tests.AdvancedFeaturesTest" name="validateIFrameInteraction" time="0.023"/>
</testsuite> <!-- Complete DOM Coverage Test -->
